on est sur ncx02
HOME = /home/durandy
WORKDIR = /home/WORK/durandy
TMPDIR = /home/TMP/sl_20220727_0944_durandy1481319ncx02
SLURM_RHOST = sxgmme1
SLURM_JOB_USER = durandy
/home/durandy/miniconda3/envs/towel/lib/python3.9/site-packages/distributed/node.py:160: UserWarning: Port 8787 is already in use.
Perhaps you already have a cluster running?
Hosting the HTTP server on port 42297 instead
  warnings.warn(
/home/durandy/miniconda3/envs/towel/lib/python3.9/site-packages/xarray/core/indexing.py:1227: PerformanceWarning: Slicing is producing a large chunk. To accept the large
chunk and silence this warning, set the option
    >>> with dask.config.set(**{'array.slicing.split_large_chunks': False}):
    ...     array[indexer]

To avoid creating the large chunks, set the option
    >>> with dask.config.set(**{'array.slicing.split_large_chunks': True}):
    ...     array[indexer]
  return self.array[key]
/home/durandy/miniconda3/envs/towel/lib/python3.9/site-packages/xarray/core/indexing.py:1227: PerformanceWarning: Slicing is producing a large chunk. To accept the large
chunk and silence this warning, set the option
    >>> with dask.config.set(**{'array.slicing.split_large_chunks': False}):
    ...     array[indexer]

To avoid creating the large chunks, set the option
    >>> with dask.config.set(**{'array.slicing.split_large_chunks': True}):
    ...     array[indexer]
  return self.array[key]
/home/durandy/miniconda3/envs/towel/lib/python3.9/site-packages/xarray/core/indexing.py:1227: PerformanceWarning: Slicing is producing a large chunk. To accept the large
chunk and silence this warning, set the option
    >>> with dask.config.set(**{'array.slicing.split_large_chunks': False}):
    ...     array[indexer]

To avoid creating the large chunks, set the option
    >>> with dask.config.set(**{'array.slicing.split_large_chunks': True}):
    ...     array[indexer]
  return self.array[key]
/home/durandy/miniconda3/envs/towel/lib/python3.9/site-packages/xarray/core/indexing.py:1227: PerformanceWarning: Slicing is producing a large chunk. To accept the large
chunk and silence this warning, set the option
    >>> with dask.config.set(**{'array.slicing.split_large_chunks': False}):
    ...     array[indexer]

To avoid creating the large chunks, set the option
    >>> with dask.config.set(**{'array.slicing.split_large_chunks': True}):
    ...     array[indexer]
  return self.array[key]
AFRICA
/cnrm/tropics/commun/DATASAT/NO_SAVE/TRACKING_LMD/TOOCAN_v2.07/PostProcessing/AFRICA/TOOCAN-AFRICA-20120101-20120131.dat
/cnrm/tropics/commun/DATASAT/NO_SAVE/TRACKING_LMD/TOOCAN_v2.07/PostProcessing/AFRICA/TOOCAN-AFRICA-20120201-20120229.dat
/cnrm/tropics/commun/DATASAT/NO_SAVE/TRACKING_LMD/TOOCAN_v2.07/PostProcessing/AFRICA/TOOCAN-AFRICA-20120301-20120331.dat
/cnrm/tropics/commun/DATASAT/NO_SAVE/TRACKING_LMD/TOOCAN_v2.07/PostProcessing/AFRICA/TOOCAN-AFRICA-20120401-20120430.dat
/cnrm/tropics/commun/DATASAT/NO_SAVE/TRACKING_LMD/TOOCAN_v2.07/PostProcessing/AFRICA/TOOCAN-AFRICA-20120501-20120531.dat
/cnrm/tropics/commun/DATASAT/NO_SAVE/TRACKING_LMD/TOOCAN_v2.07/PostProcessing/AFRICA/TOOCAN-AFRICA-20120601-20120630.dat
/cnrm/tropics/commun/DATASAT/NO_SAVE/TRACKING_LMD/TOOCAN_v2.07/PostProcessing/AFRICA/TOOCAN-AFRICA-20120701-20120731.dat
/cnrm/tropics/commun/DATASAT/NO_SAVE/TRACKING_LMD/TOOCAN_v2.07/PostProcessing/AFRICA/TOOCAN-AFRICA-20120801-20120831.dat
/cnrm/tropics/commun/DATASAT/NO_SAVE/TRACKING_LMD/TOOCAN_v2.07/PostProcessing/AFRICA/TOOCAN-AFRICA-20120901-20120930.dat
/cnrm/tropics/commun/DATASAT/NO_SAVE/TRACKING_LMD/TOOCAN_v2.07/PostProcessing/AFRICA/TOOCAN-AFRICA-20121001-20121031.dat
/cnrm/tropics/commun/DATASAT/NO_SAVE/TRACKING_LMD/TOOCAN_v2.07/PostProcessing/AFRICA/TOOCAN-AFRICA-20121101-20121130.dat
/cnrm/tropics/commun/DATASAT/NO_SAVE/TRACKING_LMD/TOOCAN_v2.07/PostProcessing/AFRICA/TOOCAN-AFRICA-20121201-20121231.dat
/cnrm/tropics/commun/DATASAT/NO_SAVE/TRACKING_LMD/TOOCAN_v2.07/PostProcessing/AFRICA/TOOCAN-AFRICA-20130101-20130131.dat
/cnrm/tropics/commun/DATASAT/NO_SAVE/TRACKING_LMD/TOOCAN_v2.07/PostProcessing/AFRICA/TOOCAN-AFRICA-20130201-20130228.dat
/cnrm/tropics/commun/DATASAT/NO_SAVE/TRACKING_LMD/TOOCAN_v2.07/PostProcessing/AFRICA/TOOCAN-AFRICA-20130301-20130331.dat
/cnrm/tropics/commun/DATASAT/NO_SAVE/TRACKING_LMD/TOOCAN_v2.07/PostProcessing/AFRICA/TOOCAN-AFRICA-20130401-20130430.dat
/cnrm/tropics/commun/DATASAT/NO_SAVE/TRACKING_LMD/TOOCAN_v2.07/PostProcessing/AFRICA/TOOCAN-AFRICA-20130501-20130531.dat
/cnrm/tropics/commun/DATASAT/NO_SAVE/TRACKING_LMD/TOOCAN_v2.07/PostProcessing/AFRICA/TOOCAN-AFRICA-20130601-20130630.dat
/cnrm/tropics/commun/DATASAT/NO_SAVE/TRACKING_LMD/TOOCAN_v2.07/PostProcessing/AFRICA/TOOCAN-AFRICA-20130701-20130731.dat
/cnrm/tropics/commun/DATASAT/NO_SAVE/TRACKING_LMD/TOOCAN_v2.07/PostProcessing/AFRICA/TOOCAN-AFRICA-20130801-20130831.dat
/cnrm/tropics/commun/DATASAT/NO_SAVE/TRACKING_LMD/TOOCAN_v2.07/PostProcessing/AFRICA/TOOCAN-AFRICA-20130901-20130930.dat
/cnrm/tropics/commun/DATASAT/NO_SAVE/TRACKING_LMD/TOOCAN_v2.07/PostProcessing/AFRICA/TOOCAN-AFRICA-20131001-20131031.dat
/cnrm/tropics/commun/DATASAT/NO_SAVE/TRACKING_LMD/TOOCAN_v2.07/PostProcessing/AFRICA/TOOCAN-AFRICA-20131101-20131130.dat
/cnrm/tropics/commun/DATASAT/NO_SAVE/TRACKING_LMD/TOOCAN_v2.07/PostProcessing/AFRICA/TOOCAN-AFRICA-20131201-20131231.dat
/cnrm/tropics/commun/DATASAT/NO_SAVE/TRACKING_LMD/TOOCAN_v2.07/PostProcessing/AFRICA/TOOCAN-AFRICA-20140101-20140131.dat
/cnrm/tropics/commun/DATASAT/NO_SAVE/TRACKING_LMD/TOOCAN_v2.07/PostProcessing/AFRICA/TOOCAN-AFRICA-20140201-20140228.dat
/cnrm/tropics/commun/DATASAT/NO_SAVE/TRACKING_LMD/TOOCAN_v2.07/PostProcessing/AFRICA/TOOCAN-AFRICA-20140301-20140331.dat
/cnrm/tropics/commun/DATASAT/NO_SAVE/TRACKING_LMD/TOOCAN_v2.07/PostProcessing/AFRICA/TOOCAN-AFRICA-20140401-20140430.dat
/cnrm/tropics/commun/DATASAT/NO_SAVE/TRACKING_LMD/TOOCAN_v2.07/PostProcessing/AFRICA/TOOCAN-AFRICA-20140501-20140531.dat
/cnrm/tropics/commun/DATASAT/NO_SAVE/TRACKING_LMD/TOOCAN_v2.07/PostProcessing/AFRICA/TOOCAN-AFRICA-20140601-20140630.dat
/cnrm/tropics/commun/DATASAT/NO_SAVE/TRACKING_LMD/TOOCAN_v2.07/PostProcessing/AFRICA/TOOCAN-AFRICA-20140701-20140731.dat
/cnrm/tropics/commun/DATASAT/NO_SAVE/TRACKING_LMD/TOOCAN_v2.07/PostProcessing/AFRICA/TOOCAN-AFRICA-20140801-20140831.dat
/cnrm/tropics/commun/DATASAT/NO_SAVE/TRACKING_LMD/TOOCAN_v2.07/PostProcessing/AFRICA/TOOCAN-AFRICA-20140901-20140930.dat
/cnrm/tropics/commun/DATASAT/NO_SAVE/TRACKING_LMD/TOOCAN_v2.07/PostProcessing/AFRICA/TOOCAN-AFRICA-20141001-20141031.dat
/cnrm/tropics/commun/DATASAT/NO_SAVE/TRACKING_LMD/TOOCAN_v2.07/PostProcessing/AFRICA/TOOCAN-AFRICA-20141101-20141130.dat
/cnrm/tropics/commun/DATASAT/NO_SAVE/TRACKING_LMD/TOOCAN_v2.07/PostProcessing/AFRICA/TOOCAN-AFRICA-20141201-20141231.dat
/cnrm/tropics/commun/DATASAT/NO_SAVE/TRACKING_LMD/TOOCAN_v2.07/PostProcessing/AFRICA/TOOCAN-AFRICA-20150101-20150131.dat
/cnrm/tropics/commun/DATASAT/NO_SAVE/TRACKING_LMD/TOOCAN_v2.07/PostProcessing/AFRICA/TOOCAN-AFRICA-20150201-20150228.dat
/cnrm/tropics/commun/DATASAT/NO_SAVE/TRACKING_LMD/TOOCAN_v2.07/PostProcessing/AFRICA/TOOCAN-AFRICA-20150301-20150331.dat
/cnrm/tropics/commun/DATASAT/NO_SAVE/TRACKING_LMD/TOOCAN_v2.07/PostProcessing/AFRICA/TOOCAN-AFRICA-20150401-20150430.dat
/cnrm/tropics/commun/DATASAT/NO_SAVE/TRACKING_LMD/TOOCAN_v2.07/PostProcessing/AFRICA/TOOCAN-AFRICA-20150501-20150531.dat
/cnrm/tropics/commun/DATASAT/NO_SAVE/TRACKING_LMD/TOOCAN_v2.07/PostProcessing/AFRICA/TOOCAN-AFRICA-20150601-20150630.dat
/cnrm/tropics/commun/DATASAT/NO_SAVE/TRACKING_LMD/TOOCAN_v2.07/PostProcessing/AFRICA/TOOCAN-AFRICA-20150701-20150731.dat
/cnrm/tropics/commun/DATASAT/NO_SAVE/TRACKING_LMD/TOOCAN_v2.07/PostProcessing/AFRICA/TOOCAN-AFRICA-20150801-20150831.dat
/cnrm/tropics/commun/DATASAT/NO_SAVE/TRACKING_LMD/TOOCAN_v2.07/PostProcessing/AFRICA/TOOCAN-AFRICA-20150901-20150930.dat
/cnrm/tropics/commun/DATASAT/NO_SAVE/TRACKING_LMD/TOOCAN_v2.07/PostProcessing/AFRICA/TOOCAN-AFRICA-20151001-20151031.dat
/cnrm/tropics/commun/DATASAT/NO_SAVE/TRACKING_LMD/TOOCAN_v2.07/PostProcessing/AFRICA/TOOCAN-AFRICA-20151101-20151130.dat
/cnrm/tropics/commun/DATASAT/NO_SAVE/TRACKING_LMD/TOOCAN_v2.07/PostProcessing/AFRICA/TOOCAN-AFRICA-20151201-20151231.dat
/cnrm/tropics/commun/DATASAT/NO_SAVE/TRACKING_LMD/TOOCAN_v2.07/PostProcessing/AFRICA/TOOCAN-AFRICA-20160101-20160131.dat
/cnrm/tropics/commun/DATASAT/NO_SAVE/TRACKING_LMD/TOOCAN_v2.07/PostProcessing/AFRICA/TOOCAN-AFRICA-20160201-20160229.dat
/cnrm/tropics/commun/DATASAT/NO_SAVE/TRACKING_LMD/TOOCAN_v2.07/PostProcessing/AFRICA/TOOCAN-AFRICA-20160301-20160331.dat
/cnrm/tropics/commun/DATASAT/NO_SAVE/TRACKING_LMD/TOOCAN_v2.07/PostProcessing/AFRICA/TOOCAN-AFRICA-20160401-20160430.dat
/cnrm/tropics/commun/DATASAT/NO_SAVE/TRACKING_LMD/TOOCAN_v2.07/PostProcessing/AFRICA/TOOCAN-AFRICA-20160501-20160531.dat
/cnrm/tropics/commun/DATASAT/NO_SAVE/TRACKING_LMD/TOOCAN_v2.07/PostProcessing/AFRICA/TOOCAN-AFRICA-20160601-20160630.dat
/cnrm/tropics/commun/DATASAT/NO_SAVE/TRACKING_LMD/TOOCAN_v2.07/PostProcessing/AFRICA/TOOCAN-AFRICA-20160701-20160731.dat
/cnrm/tropics/commun/DATASAT/NO_SAVE/TRACKING_LMD/TOOCAN_v2.07/PostProcessing/AFRICA/TOOCAN-AFRICA-20160801-20160831.dat
/cnrm/tropics/commun/DATASAT/NO_SAVE/TRACKING_LMD/TOOCAN_v2.07/PostProcessing/AFRICA/TOOCAN-AFRICA-20160901-20160930.dat
/cnrm/tropics/commun/DATASAT/NO_SAVE/TRACKING_LMD/TOOCAN_v2.07/PostProcessing/AFRICA/TOOCAN-AFRICA-20161001-20161031.dat
/cnrm/tropics/commun/DATASAT/NO_SAVE/TRACKING_LMD/TOOCAN_v2.07/PostProcessing/AFRICA/TOOCAN-AFRICA-20161101-20161130.dat
/cnrm/tropics/commun/DATASAT/NO_SAVE/TRACKING_LMD/TOOCAN_v2.07/PostProcessing/AFRICA/TOOCAN-AFRICA-20161201-20161231.dat
/cnrm/tropics/commun/DATASAT/NO_SAVE/TRACKING_LMD/TOOCAN_v2.07/PostProcessing/AFRICA/TOOCAN-AFRICA-20170101-20170131.dat
/cnrm/tropics/commun/DATASAT/NO_SAVE/TRACKING_LMD/TOOCAN_v2.07/PostProcessing/AFRICA/TOOCAN-AFRICA-20170201-20170228.dat
/cnrm/tropics/commun/DATASAT/NO_SAVE/TRACKING_LMD/TOOCAN_v2.07/PostProcessing/AFRICA/TOOCAN-AFRICA-20170301-20170331.dat
/cnrm/tropics/commun/DATASAT/NO_SAVE/TRACKING_LMD/TOOCAN_v2.07/PostProcessing/AFRICA/TOOCAN-AFRICA-20170401-20170430.dat
/cnrm/tropics/commun/DATASAT/NO_SAVE/TRACKING_LMD/TOOCAN_v2.07/PostProcessing/AFRICA/TOOCAN-AFRICA-20170501-20170531.dat
/cnrm/tropics/commun/DATASAT/NO_SAVE/TRACKING_LMD/TOOCAN_v2.07/PostProcessing/AFRICA/TOOCAN-AFRICA-20170601-20170630.dat
/cnrm/tropics/commun/DATASAT/NO_SAVE/TRACKING_LMD/TOOCAN_v2.07/PostProcessing/AFRICA/TOOCAN-AFRICA-20170701-20170731.dat
/cnrm/tropics/commun/DATASAT/NO_SAVE/TRACKING_LMD/TOOCAN_v2.07/PostProcessing/AFRICA/TOOCAN-AFRICA-20170801-20170831.dat
/cnrm/tropics/commun/DATASAT/NO_SAVE/TRACKING_LMD/TOOCAN_v2.07/PostProcessing/AFRICA/TOOCAN-AFRICA-20170901-20170930.dat
/cnrm/tropics/commun/DATASAT/NO_SAVE/TRACKING_LMD/TOOCAN_v2.07/PostProcessing/AFRICA/TOOCAN-AFRICA-20171001-20171031.dat
/cnrm/tropics/commun/DATASAT/NO_SAVE/TRACKING_LMD/TOOCAN_v2.07/PostProcessing/AFRICA/TOOCAN-AFRICA-20171101-20171130.dat
/cnrm/tropics/commun/DATASAT/NO_SAVE/TRACKING_LMD/TOOCAN_v2.07/PostProcessing/AFRICA/TOOCAN-AFRICA-20171201-20171231.dat
2254907 63379
2254907 138590
Traceback (most recent call last):
  File "/home/TMP/sl_20220727_0944_durandy1481319ncx02/work/distribution_numpy_save_AFRICA.py", line 94, in <module>
    calcul_Proba_wave(ds, ds_T_I_G1, ds_T_E_G1, data_MCSselection_G1, ds_T_I_G2, ds_T_E_G2, data_MCSselection_G2, 'init', name_phase)
TypeError: calcul_Proba_wave() missing 1 required positional argument: 'iregion'
AFRICA
/cnrm/tropics/commun/DATASAT/NO_SAVE/TRACKING_LMD/TOOCAN_v2.07/PostProcessing/AFRICA/TOOCAN-AFRICA-20120101-20120131.dat
/cnrm/tropics/commun/DATASAT/NO_SAVE/TRACKING_LMD/TOOCAN_v2.07/PostProcessing/AFRICA/TOOCAN-AFRICA-20120201-20120229.dat
/cnrm/tropics/commun/DATASAT/NO_SAVE/TRACKING_LMD/TOOCAN_v2.07/PostProcessing/AFRICA/TOOCAN-AFRICA-20120301-20120331.dat
/cnrm/tropics/commun/DATASAT/NO_SAVE/TRACKING_LMD/TOOCAN_v2.07/PostProcessing/AFRICA/TOOCAN-AFRICA-20120401-20120430.dat
/cnrm/tropics/commun/DATASAT/NO_SAVE/TRACKING_LMD/TOOCAN_v2.07/PostProcessing/AFRICA/TOOCAN-AFRICA-20120501-20120531.dat
/cnrm/tropics/commun/DATASAT/NO_SAVE/TRACKING_LMD/TOOCAN_v2.07/PostProcessing/AFRICA/TOOCAN-AFRICA-20120601-20120630.dat
/cnrm/tropics/commun/DATASAT/NO_SAVE/TRACKING_LMD/TOOCAN_v2.07/PostProcessing/AFRICA/TOOCAN-AFRICA-20120701-20120731.dat
/cnrm/tropics/commun/DATASAT/NO_SAVE/TRACKING_LMD/TOOCAN_v2.07/PostProcessing/AFRICA/TOOCAN-AFRICA-20120801-20120831.dat
/cnrm/tropics/commun/DATASAT/NO_SAVE/TRACKING_LMD/TOOCAN_v2.07/PostProcessing/AFRICA/TOOCAN-AFRICA-20120901-20120930.dat
/cnrm/tropics/commun/DATASAT/NO_SAVE/TRACKING_LMD/TOOCAN_v2.07/PostProcessing/AFRICA/TOOCAN-AFRICA-20121001-20121031.dat
/cnrm/tropics/commun/DATASAT/NO_SAVE/TRACKING_LMD/TOOCAN_v2.07/PostProcessing/AFRICA/TOOCAN-AFRICA-20121101-20121130.dat
/cnrm/tropics/commun/DATASAT/NO_SAVE/TRACKING_LMD/TOOCAN_v2.07/PostProcessing/AFRICA/TOOCAN-AFRICA-20121201-20121231.dat
/cnrm/tropics/commun/DATASAT/NO_SAVE/TRACKING_LMD/TOOCAN_v2.07/PostProcessing/AFRICA/TOOCAN-AFRICA-20130101-20130131.dat
/cnrm/tropics/commun/DATASAT/NO_SAVE/TRACKING_LMD/TOOCAN_v2.07/PostProcessing/AFRICA/TOOCAN-AFRICA-20130201-20130228.dat
/cnrm/tropics/commun/DATASAT/NO_SAVE/TRACKING_LMD/TOOCAN_v2.07/PostProcessing/AFRICA/TOOCAN-AFRICA-20130301-20130331.dat
/cnrm/tropics/commun/DATASAT/NO_SAVE/TRACKING_LMD/TOOCAN_v2.07/PostProcessing/AFRICA/TOOCAN-AFRICA-20130401-20130430.dat
/cnrm/tropics/commun/DATASAT/NO_SAVE/TRACKING_LMD/TOOCAN_v2.07/PostProcessing/AFRICA/TOOCAN-AFRICA-20130501-20130531.dat
/cnrm/tropics/commun/DATASAT/NO_SAVE/TRACKING_LMD/TOOCAN_v2.07/PostProcessing/AFRICA/TOOCAN-AFRICA-20130601-20130630.dat
/cnrm/tropics/commun/DATASAT/NO_SAVE/TRACKING_LMD/TOOCAN_v2.07/PostProcessing/AFRICA/TOOCAN-AFRICA-20130701-20130731.dat
/cnrm/tropics/commun/DATASAT/NO_SAVE/TRACKING_LMD/TOOCAN_v2.07/PostProcessing/AFRICA/TOOCAN-AFRICA-20130801-20130831.dat
/cnrm/tropics/commun/DATASAT/NO_SAVE/TRACKING_LMD/TOOCAN_v2.07/PostProcessing/AFRICA/TOOCAN-AFRICA-20130901-20130930.dat
/cnrm/tropics/commun/DATASAT/NO_SAVE/TRACKING_LMD/TOOCAN_v2.07/PostProcessing/AFRICA/TOOCAN-AFRICA-20131001-20131031.dat
/cnrm/tropics/commun/DATASAT/NO_SAVE/TRACKING_LMD/TOOCAN_v2.07/PostProcessing/AFRICA/TOOCAN-AFRICA-20131101-20131130.dat
/cnrm/tropics/commun/DATASAT/NO_SAVE/TRACKING_LMD/TOOCAN_v2.07/PostProcessing/AFRICA/TOOCAN-AFRICA-20131201-20131231.dat
/cnrm/tropics/commun/DATASAT/NO_SAVE/TRACKING_LMD/TOOCAN_v2.07/PostProcessing/AFRICA/TOOCAN-AFRICA-20140101-20140131.dat
/cnrm/tropics/commun/DATASAT/NO_SAVE/TRACKING_LMD/TOOCAN_v2.07/PostProcessing/AFRICA/TOOCAN-AFRICA-20140201-20140228.dat
/cnrm/tropics/commun/DATASAT/NO_SAVE/TRACKING_LMD/TOOCAN_v2.07/PostProcessing/AFRICA/TOOCAN-AFRICA-20140301-20140331.dat
/cnrm/tropics/commun/DATASAT/NO_SAVE/TRACKING_LMD/TOOCAN_v2.07/PostProcessing/AFRICA/TOOCAN-AFRICA-20140401-20140430.dat
/cnrm/tropics/commun/DATASAT/NO_SAVE/TRACKING_LMD/TOOCAN_v2.07/PostProcessing/AFRICA/TOOCAN-AFRICA-20140501-20140531.dat
/cnrm/tropics/commun/DATASAT/NO_SAVE/TRACKING_LMD/TOOCAN_v2.07/PostProcessing/AFRICA/TOOCAN-AFRICA-20140601-20140630.dat
/cnrm/tropics/commun/DATASAT/NO_SAVE/TRACKING_LMD/TOOCAN_v2.07/PostProcessing/AFRICA/TOOCAN-AFRICA-20140701-20140731.dat
/cnrm/tropics/commun/DATASAT/NO_SAVE/TRACKING_LMD/TOOCAN_v2.07/PostProcessing/AFRICA/TOOCAN-AFRICA-20140801-20140831.dat
/cnrm/tropics/commun/DATASAT/NO_SAVE/TRACKING_LMD/TOOCAN_v2.07/PostProcessing/AFRICA/TOOCAN-AFRICA-20140901-20140930.dat
/cnrm/tropics/commun/DATASAT/NO_SAVE/TRACKING_LMD/TOOCAN_v2.07/PostProcessing/AFRICA/TOOCAN-AFRICA-20141001-20141031.dat
/cnrm/tropics/commun/DATASAT/NO_SAVE/TRACKING_LMD/TOOCAN_v2.07/PostProcessing/AFRICA/TOOCAN-AFRICA-20141101-20141130.dat
/cnrm/tropics/commun/DATASAT/NO_SAVE/TRACKING_LMD/TOOCAN_v2.07/PostProcessing/AFRICA/TOOCAN-AFRICA-20141201-20141231.dat
/cnrm/tropics/commun/DATASAT/NO_SAVE/TRACKING_LMD/TOOCAN_v2.07/PostProcessing/AFRICA/TOOCAN-AFRICA-20150101-20150131.dat
/cnrm/tropics/commun/DATASAT/NO_SAVE/TRACKING_LMD/TOOCAN_v2.07/PostProcessing/AFRICA/TOOCAN-AFRICA-20150201-20150228.dat
/cnrm/tropics/commun/DATASAT/NO_SAVE/TRACKING_LMD/TOOCAN_v2.07/PostProcessing/AFRICA/TOOCAN-AFRICA-20150301-20150331.dat
/cnrm/tropics/commun/DATASAT/NO_SAVE/TRACKING_LMD/TOOCAN_v2.07/PostProcessing/AFRICA/TOOCAN-AFRICA-20150401-20150430.dat
/cnrm/tropics/commun/DATASAT/NO_SAVE/TRACKING_LMD/TOOCAN_v2.07/PostProcessing/AFRICA/TOOCAN-AFRICA-20150501-20150531.dat
/cnrm/tropics/commun/DATASAT/NO_SAVE/TRACKING_LMD/TOOCAN_v2.07/PostProcessing/AFRICA/TOOCAN-AFRICA-20150601-20150630.dat
/cnrm/tropics/commun/DATASAT/NO_SAVE/TRACKING_LMD/TOOCAN_v2.07/PostProcessing/AFRICA/TOOCAN-AFRICA-20150701-20150731.dat
/cnrm/tropics/commun/DATASAT/NO_SAVE/TRACKING_LMD/TOOCAN_v2.07/PostProcessing/AFRICA/TOOCAN-AFRICA-20150801-20150831.dat
/cnrm/tropics/commun/DATASAT/NO_SAVE/TRACKING_LMD/TOOCAN_v2.07/PostProcessing/AFRICA/TOOCAN-AFRICA-20150901-20150930.dat
/cnrm/tropics/commun/DATASAT/NO_SAVE/TRACKING_LMD/TOOCAN_v2.07/PostProcessing/AFRICA/TOOCAN-AFRICA-20151001-20151031.dat
/cnrm/tropics/commun/DATASAT/NO_SAVE/TRACKING_LMD/TOOCAN_v2.07/PostProcessing/AFRICA/TOOCAN-AFRICA-20151101-20151130.dat
/cnrm/tropics/commun/DATASAT/NO_SAVE/TRACKING_LMD/TOOCAN_v2.07/PostProcessing/AFRICA/TOOCAN-AFRICA-20151201-20151231.dat
/cnrm/tropics/commun/DATASAT/NO_SAVE/TRACKING_LMD/TOOCAN_v2.07/PostProcessing/AFRICA/TOOCAN-AFRICA-20160101-20160131.dat
/cnrm/tropics/commun/DATASAT/NO_SAVE/TRACKING_LMD/TOOCAN_v2.07/PostProcessing/AFRICA/TOOCAN-AFRICA-20160201-20160229.dat
/cnrm/tropics/commun/DATASAT/NO_SAVE/TRACKING_LMD/TOOCAN_v2.07/PostProcessing/AFRICA/TOOCAN-AFRICA-20160301-20160331.dat
/cnrm/tropics/commun/DATASAT/NO_SAVE/TRACKING_LMD/TOOCAN_v2.07/PostProcessing/AFRICA/TOOCAN-AFRICA-20160401-20160430.dat
/cnrm/tropics/commun/DATASAT/NO_SAVE/TRACKING_LMD/TOOCAN_v2.07/PostProcessing/AFRICA/TOOCAN-AFRICA-20160501-20160531.dat
/cnrm/tropics/commun/DATASAT/NO_SAVE/TRACKING_LMD/TOOCAN_v2.07/PostProcessing/AFRICA/TOOCAN-AFRICA-20160601-20160630.dat
/cnrm/tropics/commun/DATASAT/NO_SAVE/TRACKING_LMD/TOOCAN_v2.07/PostProcessing/AFRICA/TOOCAN-AFRICA-20160701-20160731.dat
/cnrm/tropics/commun/DATASAT/NO_SAVE/TRACKING_LMD/TOOCAN_v2.07/PostProcessing/AFRICA/TOOCAN-AFRICA-20160801-20160831.dat
/cnrm/tropics/commun/DATASAT/NO_SAVE/TRACKING_LMD/TOOCAN_v2.07/PostProcessing/AFRICA/TOOCAN-AFRICA-20160901-20160930.dat
/cnrm/tropics/commun/DATASAT/NO_SAVE/TRACKING_LMD/TOOCAN_v2.07/PostProcessing/AFRICA/TOOCAN-AFRICA-20161001-20161031.dat
/cnrm/tropics/commun/DATASAT/NO_SAVE/TRACKING_LMD/TOOCAN_v2.07/PostProcessing/AFRICA/TOOCAN-AFRICA-20161101-20161130.dat
/cnrm/tropics/commun/DATASAT/NO_SAVE/TRACKING_LMD/TOOCAN_v2.07/PostProcessing/AFRICA/TOOCAN-AFRICA-20161201-20161231.dat
/cnrm/tropics/commun/DATASAT/NO_SAVE/TRACKING_LMD/TOOCAN_v2.07/PostProcessing/AFRICA/TOOCAN-AFRICA-20170101-20170131.dat
/cnrm/tropics/commun/DATASAT/NO_SAVE/TRACKING_LMD/TOOCAN_v2.07/PostProcessing/AFRICA/TOOCAN-AFRICA-20170201-20170228.dat
/cnrm/tropics/commun/DATASAT/NO_SAVE/TRACKING_LMD/TOOCAN_v2.07/PostProcessing/AFRICA/TOOCAN-AFRICA-20170301-20170331.dat
/cnrm/tropics/commun/DATASAT/NO_SAVE/TRACKING_LMD/TOOCAN_v2.07/PostProcessing/AFRICA/TOOCAN-AFRICA-20170401-20170430.dat
/cnrm/tropics/commun/DATASAT/NO_SAVE/TRACKING_LMD/TOOCAN_v2.07/PostProcessing/AFRICA/TOOCAN-AFRICA-20170501-20170531.dat
/cnrm/tropics/commun/DATASAT/NO_SAVE/TRACKING_LMD/TOOCAN_v2.07/PostProcessing/AFRICA/TOOCAN-AFRICA-20170601-20170630.dat
/cnrm/tropics/commun/DATASAT/NO_SAVE/TRACKING_LMD/TOOCAN_v2.07/PostProcessing/AFRICA/TOOCAN-AFRICA-20170701-20170731.dat
/cnrm/tropics/commun/DATASAT/NO_SAVE/TRACKING_LMD/TOOCAN_v2.07/PostProcessing/AFRICA/TOOCAN-AFRICA-20170801-20170831.dat
/cnrm/tropics/commun/DATASAT/NO_SAVE/TRACKING_LMD/TOOCAN_v2.07/PostProcessing/AFRICA/TOOCAN-AFRICA-20170901-20170930.dat
/cnrm/tropics/commun/DATASAT/NO_SAVE/TRACKING_LMD/TOOCAN_v2.07/PostProcessing/AFRICA/TOOCAN-AFRICA-20171001-20171031.dat
/cnrm/tropics/commun/DATASAT/NO_SAVE/TRACKING_LMD/TOOCAN_v2.07/PostProcessing/AFRICA/TOOCAN-AFRICA-20171101-20171130.dat
/cnrm/tropics/commun/DATASAT/NO_SAVE/TRACKING_LMD/TOOCAN_v2.07/PostProcessing/AFRICA/TOOCAN-AFRICA-20171201-20171231.dat
2254907 115673
2254907 217999
Traceback (most recent call last):
  File "/home/TMP/sl_20220727_0944_durandy1481319ncx02/work/distribution_numpy_save_AFRICA.py", line 94, in <module>
    calcul_Proba_wave(ds, ds_T_I_G1, ds_T_E_G1, data_MCSselection_G1, ds_T_I_G2, ds_T_E_G2, data_MCSselection_G2, 'init', name_phase)
TypeError: calcul_Proba_wave() missing 1 required positional argument: 'iregion'
/home/durandy/miniconda3/envs/towel/lib/python3.9/site-packages/distributed/node.py:160: UserWarning: Port 8787 is already in use.
Perhaps you already have a cluster running?
Hosting the HTTP server on port 39765 instead
  warnings.warn(
/home/durandy/miniconda3/envs/towel/lib/python3.9/site-packages/xarray/core/indexing.py:1227: PerformanceWarning: Slicing is producing a large chunk. To accept the large
chunk and silence this warning, set the option
    >>> with dask.config.set(**{'array.slicing.split_large_chunks': False}):
    ...     array[indexer]

To avoid creating the large chunks, set the option
    >>> with dask.config.set(**{'array.slicing.split_large_chunks': True}):
    ...     array[indexer]
  return self.array[key]
/home/durandy/miniconda3/envs/towel/lib/python3.9/site-packages/xarray/core/indexing.py:1227: PerformanceWarning: Slicing is producing a large chunk. To accept the large
chunk and silence this warning, set the option
    >>> with dask.config.set(**{'array.slicing.split_large_chunks': False}):
    ...     array[indexer]

To avoid creating the large chunks, set the option
    >>> with dask.config.set(**{'array.slicing.split_large_chunks': True}):
    ...     array[indexer]
  return self.array[key]
AFRICA
/cnrm/tropics/commun/DATASAT/NO_SAVE/TRACKING_LMD/TOOCAN_v2.07/PostProcessing/AFRICA/TOOCAN-AFRICA-20120101-20120131.dat
/cnrm/tropics/commun/DATASAT/NO_SAVE/TRACKING_LMD/TOOCAN_v2.07/PostProcessing/AFRICA/TOOCAN-AFRICA-20120201-20120229.dat
/cnrm/tropics/commun/DATASAT/NO_SAVE/TRACKING_LMD/TOOCAN_v2.07/PostProcessing/AFRICA/TOOCAN-AFRICA-20120301-20120331.dat
/cnrm/tropics/commun/DATASAT/NO_SAVE/TRACKING_LMD/TOOCAN_v2.07/PostProcessing/AFRICA/TOOCAN-AFRICA-20120401-20120430.dat
/cnrm/tropics/commun/DATASAT/NO_SAVE/TRACKING_LMD/TOOCAN_v2.07/PostProcessing/AFRICA/TOOCAN-AFRICA-20120501-20120531.dat
/cnrm/tropics/commun/DATASAT/NO_SAVE/TRACKING_LMD/TOOCAN_v2.07/PostProcessing/AFRICA/TOOCAN-AFRICA-20120601-20120630.dat
/cnrm/tropics/commun/DATASAT/NO_SAVE/TRACKING_LMD/TOOCAN_v2.07/PostProcessing/AFRICA/TOOCAN-AFRICA-20120701-20120731.dat
/cnrm/tropics/commun/DATASAT/NO_SAVE/TRACKING_LMD/TOOCAN_v2.07/PostProcessing/AFRICA/TOOCAN-AFRICA-20120801-20120831.dat
/cnrm/tropics/commun/DATASAT/NO_SAVE/TRACKING_LMD/TOOCAN_v2.07/PostProcessing/AFRICA/TOOCAN-AFRICA-20120901-20120930.dat
/cnrm/tropics/commun/DATASAT/NO_SAVE/TRACKING_LMD/TOOCAN_v2.07/PostProcessing/AFRICA/TOOCAN-AFRICA-20121001-20121031.dat
/cnrm/tropics/commun/DATASAT/NO_SAVE/TRACKING_LMD/TOOCAN_v2.07/PostProcessing/AFRICA/TOOCAN-AFRICA-20121101-20121130.dat
/cnrm/tropics/commun/DATASAT/NO_SAVE/TRACKING_LMD/TOOCAN_v2.07/PostProcessing/AFRICA/TOOCAN-AFRICA-20121201-20121231.dat
/cnrm/tropics/commun/DATASAT/NO_SAVE/TRACKING_LMD/TOOCAN_v2.07/PostProcessing/AFRICA/TOOCAN-AFRICA-20130101-20130131.dat
/cnrm/tropics/commun/DATASAT/NO_SAVE/TRACKING_LMD/TOOCAN_v2.07/PostProcessing/AFRICA/TOOCAN-AFRICA-20130201-20130228.dat
/cnrm/tropics/commun/DATASAT/NO_SAVE/TRACKING_LMD/TOOCAN_v2.07/PostProcessing/AFRICA/TOOCAN-AFRICA-20130301-20130331.dat
/cnrm/tropics/commun/DATASAT/NO_SAVE/TRACKING_LMD/TOOCAN_v2.07/PostProcessing/AFRICA/TOOCAN-AFRICA-20130401-20130430.dat
/cnrm/tropics/commun/DATASAT/NO_SAVE/TRACKING_LMD/TOOCAN_v2.07/PostProcessing/AFRICA/TOOCAN-AFRICA-20130501-20130531.dat
/cnrm/tropics/commun/DATASAT/NO_SAVE/TRACKING_LMD/TOOCAN_v2.07/PostProcessing/AFRICA/TOOCAN-AFRICA-20130601-20130630.dat
/cnrm/tropics/commun/DATASAT/NO_SAVE/TRACKING_LMD/TOOCAN_v2.07/PostProcessing/AFRICA/TOOCAN-AFRICA-20130701-20130731.dat
/cnrm/tropics/commun/DATASAT/NO_SAVE/TRACKING_LMD/TOOCAN_v2.07/PostProcessing/AFRICA/TOOCAN-AFRICA-20130801-20130831.dat
/cnrm/tropics/commun/DATASAT/NO_SAVE/TRACKING_LMD/TOOCAN_v2.07/PostProcessing/AFRICA/TOOCAN-AFRICA-20130901-20130930.dat
/cnrm/tropics/commun/DATASAT/NO_SAVE/TRACKING_LMD/TOOCAN_v2.07/PostProcessing/AFRICA/TOOCAN-AFRICA-20131001-20131031.dat
/cnrm/tropics/commun/DATASAT/NO_SAVE/TRACKING_LMD/TOOCAN_v2.07/PostProcessing/AFRICA/TOOCAN-AFRICA-20131101-20131130.dat
/cnrm/tropics/commun/DATASAT/NO_SAVE/TRACKING_LMD/TOOCAN_v2.07/PostProcessing/AFRICA/TOOCAN-AFRICA-20131201-20131231.dat
/cnrm/tropics/commun/DATASAT/NO_SAVE/TRACKING_LMD/TOOCAN_v2.07/PostProcessing/AFRICA/TOOCAN-AFRICA-20140101-20140131.dat
/cnrm/tropics/commun/DATASAT/NO_SAVE/TRACKING_LMD/TOOCAN_v2.07/PostProcessing/AFRICA/TOOCAN-AFRICA-20140201-20140228.dat
/cnrm/tropics/commun/DATASAT/NO_SAVE/TRACKING_LMD/TOOCAN_v2.07/PostProcessing/AFRICA/TOOCAN-AFRICA-20140301-20140331.dat
/cnrm/tropics/commun/DATASAT/NO_SAVE/TRACKING_LMD/TOOCAN_v2.07/PostProcessing/AFRICA/TOOCAN-AFRICA-20140401-20140430.dat
/cnrm/tropics/commun/DATASAT/NO_SAVE/TRACKING_LMD/TOOCAN_v2.07/PostProcessing/AFRICA/TOOCAN-AFRICA-20140501-20140531.dat
/cnrm/tropics/commun/DATASAT/NO_SAVE/TRACKING_LMD/TOOCAN_v2.07/PostProcessing/AFRICA/TOOCAN-AFRICA-20140601-20140630.dat
/cnrm/tropics/commun/DATASAT/NO_SAVE/TRACKING_LMD/TOOCAN_v2.07/PostProcessing/AFRICA/TOOCAN-AFRICA-20140701-20140731.dat
/cnrm/tropics/commun/DATASAT/NO_SAVE/TRACKING_LMD/TOOCAN_v2.07/PostProcessing/AFRICA/TOOCAN-AFRICA-20140801-20140831.dat
/cnrm/tropics/commun/DATASAT/NO_SAVE/TRACKING_LMD/TOOCAN_v2.07/PostProcessing/AFRICA/TOOCAN-AFRICA-20140901-20140930.dat
/cnrm/tropics/commun/DATASAT/NO_SAVE/TRACKING_LMD/TOOCAN_v2.07/PostProcessing/AFRICA/TOOCAN-AFRICA-20141001-20141031.dat
/cnrm/tropics/commun/DATASAT/NO_SAVE/TRACKING_LMD/TOOCAN_v2.07/PostProcessing/AFRICA/TOOCAN-AFRICA-20141101-20141130.dat
/cnrm/tropics/commun/DATASAT/NO_SAVE/TRACKING_LMD/TOOCAN_v2.07/PostProcessing/AFRICA/TOOCAN-AFRICA-20141201-20141231.dat
/cnrm/tropics/commun/DATASAT/NO_SAVE/TRACKING_LMD/TOOCAN_v2.07/PostProcessing/AFRICA/TOOCAN-AFRICA-20150101-20150131.dat
/cnrm/tropics/commun/DATASAT/NO_SAVE/TRACKING_LMD/TOOCAN_v2.07/PostProcessing/AFRICA/TOOCAN-AFRICA-20150201-20150228.dat
/cnrm/tropics/commun/DATASAT/NO_SAVE/TRACKING_LMD/TOOCAN_v2.07/PostProcessing/AFRICA/TOOCAN-AFRICA-20150301-20150331.dat
/cnrm/tropics/commun/DATASAT/NO_SAVE/TRACKING_LMD/TOOCAN_v2.07/PostProcessing/AFRICA/TOOCAN-AFRICA-20150401-20150430.dat
/cnrm/tropics/commun/DATASAT/NO_SAVE/TRACKING_LMD/TOOCAN_v2.07/PostProcessing/AFRICA/TOOCAN-AFRICA-20150501-20150531.dat
/cnrm/tropics/commun/DATASAT/NO_SAVE/TRACKING_LMD/TOOCAN_v2.07/PostProcessing/AFRICA/TOOCAN-AFRICA-20150601-20150630.dat
/cnrm/tropics/commun/DATASAT/NO_SAVE/TRACKING_LMD/TOOCAN_v2.07/PostProcessing/AFRICA/TOOCAN-AFRICA-20150701-20150731.dat
/cnrm/tropics/commun/DATASAT/NO_SAVE/TRACKING_LMD/TOOCAN_v2.07/PostProcessing/AFRICA/TOOCAN-AFRICA-20150801-20150831.dat
/cnrm/tropics/commun/DATASAT/NO_SAVE/TRACKING_LMD/TOOCAN_v2.07/PostProcessing/AFRICA/TOOCAN-AFRICA-20150901-20150930.dat
/cnrm/tropics/commun/DATASAT/NO_SAVE/TRACKING_LMD/TOOCAN_v2.07/PostProcessing/AFRICA/TOOCAN-AFRICA-20151001-20151031.dat
/cnrm/tropics/commun/DATASAT/NO_SAVE/TRACKING_LMD/TOOCAN_v2.07/PostProcessing/AFRICA/TOOCAN-AFRICA-20151101-20151130.dat
/cnrm/tropics/commun/DATASAT/NO_SAVE/TRACKING_LMD/TOOCAN_v2.07/PostProcessing/AFRICA/TOOCAN-AFRICA-20151201-20151231.dat
/cnrm/tropics/commun/DATASAT/NO_SAVE/TRACKING_LMD/TOOCAN_v2.07/PostProcessing/AFRICA/TOOCAN-AFRICA-20160101-20160131.dat
/cnrm/tropics/commun/DATASAT/NO_SAVE/TRACKING_LMD/TOOCAN_v2.07/PostProcessing/AFRICA/TOOCAN-AFRICA-20160201-20160229.dat
/cnrm/tropics/commun/DATASAT/NO_SAVE/TRACKING_LMD/TOOCAN_v2.07/PostProcessing/AFRICA/TOOCAN-AFRICA-20160301-20160331.dat
/cnrm/tropics/commun/DATASAT/NO_SAVE/TRACKING_LMD/TOOCAN_v2.07/PostProcessing/AFRICA/TOOCAN-AFRICA-20160401-20160430.dat
/cnrm/tropics/commun/DATASAT/NO_SAVE/TRACKING_LMD/TOOCAN_v2.07/PostProcessing/AFRICA/TOOCAN-AFRICA-20160501-20160531.dat
/cnrm/tropics/commun/DATASAT/NO_SAVE/TRACKING_LMD/TOOCAN_v2.07/PostProcessing/AFRICA/TOOCAN-AFRICA-20160601-20160630.dat
/cnrm/tropics/commun/DATASAT/NO_SAVE/TRACKING_LMD/TOOCAN_v2.07/PostProcessing/AFRICA/TOOCAN-AFRICA-20160701-20160731.dat
/cnrm/tropics/commun/DATASAT/NO_SAVE/TRACKING_LMD/TOOCAN_v2.07/PostProcessing/AFRICA/TOOCAN-AFRICA-20160801-20160831.dat
/cnrm/tropics/commun/DATASAT/NO_SAVE/TRACKING_LMD/TOOCAN_v2.07/PostProcessing/AFRICA/TOOCAN-AFRICA-20160901-20160930.dat
/cnrm/tropics/commun/DATASAT/NO_SAVE/TRACKING_LMD/TOOCAN_v2.07/PostProcessing/AFRICA/TOOCAN-AFRICA-20161001-20161031.dat
/cnrm/tropics/commun/DATASAT/NO_SAVE/TRACKING_LMD/TOOCAN_v2.07/PostProcessing/AFRICA/TOOCAN-AFRICA-20161101-20161130.dat
/cnrm/tropics/commun/DATASAT/NO_SAVE/TRACKING_LMD/TOOCAN_v2.07/PostProcessing/AFRICA/TOOCAN-AFRICA-20161201-20161231.dat
/cnrm/tropics/commun/DATASAT/NO_SAVE/TRACKING_LMD/TOOCAN_v2.07/PostProcessing/AFRICA/TOOCAN-AFRICA-20170101-20170131.dat
/cnrm/tropics/commun/DATASAT/NO_SAVE/TRACKING_LMD/TOOCAN_v2.07/PostProcessing/AFRICA/TOOCAN-AFRICA-20170201-20170228.dat
/cnrm/tropics/commun/DATASAT/NO_SAVE/TRACKING_LMD/TOOCAN_v2.07/PostProcessing/AFRICA/TOOCAN-AFRICA-20170301-20170331.dat
/cnrm/tropics/commun/DATASAT/NO_SAVE/TRACKING_LMD/TOOCAN_v2.07/PostProcessing/AFRICA/TOOCAN-AFRICA-20170401-20170430.dat
/cnrm/tropics/commun/DATASAT/NO_SAVE/TRACKING_LMD/TOOCAN_v2.07/PostProcessing/AFRICA/TOOCAN-AFRICA-20170501-20170531.dat
/cnrm/tropics/commun/DATASAT/NO_SAVE/TRACKING_LMD/TOOCAN_v2.07/PostProcessing/AFRICA/TOOCAN-AFRICA-20170601-20170630.dat
/cnrm/tropics/commun/DATASAT/NO_SAVE/TRACKING_LMD/TOOCAN_v2.07/PostProcessing/AFRICA/TOOCAN-AFRICA-20170701-20170731.dat
/cnrm/tropics/commun/DATASAT/NO_SAVE/TRACKING_LMD/TOOCAN_v2.07/PostProcessing/AFRICA/TOOCAN-AFRICA-20170801-20170831.dat
/cnrm/tropics/commun/DATASAT/NO_SAVE/TRACKING_LMD/TOOCAN_v2.07/PostProcessing/AFRICA/TOOCAN-AFRICA-20170901-20170930.dat
/cnrm/tropics/commun/DATASAT/NO_SAVE/TRACKING_LMD/TOOCAN_v2.07/PostProcessing/AFRICA/TOOCAN-AFRICA-20171001-20171031.dat
/cnrm/tropics/commun/DATASAT/NO_SAVE/TRACKING_LMD/TOOCAN_v2.07/PostProcessing/AFRICA/TOOCAN-AFRICA-20171101-20171130.dat
/cnrm/tropics/commun/DATASAT/NO_SAVE/TRACKING_LMD/TOOCAN_v2.07/PostProcessing/AFRICA/TOOCAN-AFRICA-20171201-20171231.dat
2254907 60207
2254907 105946
Traceback (most recent call last):
  File "/home/TMP/sl_20220727_0944_durandy1481319ncx02/work/distribution_numpy_save_AFRICA.py", line 94, in <module>
    calcul_Proba_wave(ds, ds_T_I_G1, ds_T_E_G1, data_MCSselection_G1, ds_T_I_G2, ds_T_E_G2, data_MCSselection_G2, 'init', name_phase)
TypeError: calcul_Proba_wave() missing 1 required positional argument: 'iregion'
WESTERNPACIFIC
/cnrm/tropics/commun/DATASAT/NO_SAVE/TRACKING_LMD/TOOCAN_v2.07/PostProcessing/WESTERNPACIFIC/TOOCAN-WESTERNPACIFIC-20120101-20120131.dat
/cnrm/tropics/commun/DATASAT/NO_SAVE/TRACKING_LMD/TOOCAN_v2.07/PostProcessing/WESTERNPACIFIC/TOOCAN-WESTERNPACIFIC-20120201-20120229.dat
/cnrm/tropics/commun/DATASAT/NO_SAVE/TRACKING_LMD/TOOCAN_v2.07/PostProcessing/WESTERNPACIFIC/TOOCAN-WESTERNPACIFIC-20120301-20120331.dat
/cnrm/tropics/commun/DATASAT/NO_SAVE/TRACKING_LMD/TOOCAN_v2.07/PostProcessing/WESTERNPACIFIC/TOOCAN-WESTERNPACIFIC-20120401-20120430.dat
/cnrm/tropics/commun/DATASAT/NO_SAVE/TRACKING_LMD/TOOCAN_v2.07/PostProcessing/WESTERNPACIFIC/TOOCAN-WESTERNPACIFIC-20120501-20120531.dat
/cnrm/tropics/commun/DATASAT/NO_SAVE/TRACKING_LMD/TOOCAN_v2.07/PostProcessing/WESTERNPACIFIC/TOOCAN-WESTERNPACIFIC-20120601-20120630.dat
/cnrm/tropics/commun/DATASAT/NO_SAVE/TRACKING_LMD/TOOCAN_v2.07/PostProcessing/WESTERNPACIFIC/TOOCAN-WESTERNPACIFIC-20120701-20120731.dat
/cnrm/tropics/commun/DATASAT/NO_SAVE/TRACKING_LMD/TOOCAN_v2.07/PostProcessing/WESTERNPACIFIC/TOOCAN-WESTERNPACIFIC-20120801-20120831.dat
/cnrm/tropics/commun/DATASAT/NO_SAVE/TRACKING_LMD/TOOCAN_v2.07/PostProcessing/WESTERNPACIFIC/TOOCAN-WESTERNPACIFIC-20120901-20120930.dat
/cnrm/tropics/commun/DATASAT/NO_SAVE/TRACKING_LMD/TOOCAN_v2.07/PostProcessing/WESTERNPACIFIC/TOOCAN-WESTERNPACIFIC-20121001-20121031.dat
/cnrm/tropics/commun/DATASAT/NO_SAVE/TRACKING_LMD/TOOCAN_v2.07/PostProcessing/WESTERNPACIFIC/TOOCAN-WESTERNPACIFIC-20121101-20121130.dat
/cnrm/tropics/commun/DATASAT/NO_SAVE/TRACKING_LMD/TOOCAN_v2.07/PostProcessing/WESTERNPACIFIC/TOOCAN-WESTERNPACIFIC-20121201-20121231.dat
/cnrm/tropics/commun/DATASAT/NO_SAVE/TRACKING_LMD/TOOCAN_v2.07/PostProcessing/WESTERNPACIFIC/TOOCAN-WESTERNPACIFIC-20130101-20130131.dat
/cnrm/tropics/commun/DATASAT/NO_SAVE/TRACKING_LMD/TOOCAN_v2.07/PostProcessing/WESTERNPACIFIC/TOOCAN-WESTERNPACIFIC-20130201-20130228.dat
/cnrm/tropics/commun/DATASAT/NO_SAVE/TRACKING_LMD/TOOCAN_v2.07/PostProcessing/WESTERNPACIFIC/TOOCAN-WESTERNPACIFIC-20130301-20130331.dat
/cnrm/tropics/commun/DATASAT/NO_SAVE/TRACKING_LMD/TOOCAN_v2.07/PostProcessing/WESTERNPACIFIC/TOOCAN-WESTERNPACIFIC-20130401-20130430.dat
/cnrm/tropics/commun/DATASAT/NO_SAVE/TRACKING_LMD/TOOCAN_v2.07/PostProcessing/WESTERNPACIFIC/TOOCAN-WESTERNPACIFIC-20130501-20130531.dat
/cnrm/tropics/commun/DATASAT/NO_SAVE/TRACKING_LMD/TOOCAN_v2.07/PostProcessing/WESTERNPACIFIC/TOOCAN-WESTERNPACIFIC-20130601-20130630.dat
/cnrm/tropics/commun/DATASAT/NO_SAVE/TRACKING_LMD/TOOCAN_v2.07/PostProcessing/WESTERNPACIFIC/TOOCAN-WESTERNPACIFIC-20130701-20130731.dat
/cnrm/tropics/commun/DATASAT/NO_SAVE/TRACKING_LMD/TOOCAN_v2.07/PostProcessing/WESTERNPACIFIC/TOOCAN-WESTERNPACIFIC-20130801-20130831.dat
/cnrm/tropics/commun/DATASAT/NO_SAVE/TRACKING_LMD/TOOCAN_v2.07/PostProcessing/WESTERNPACIFIC/TOOCAN-WESTERNPACIFIC-20130901-20130930.dat
/cnrm/tropics/commun/DATASAT/NO_SAVE/TRACKING_LMD/TOOCAN_v2.07/PostProcessing/WESTERNPACIFIC/TOOCAN-WESTERNPACIFIC-20131001-20131031.dat
/cnrm/tropics/commun/DATASAT/NO_SAVE/TRACKING_LMD/TOOCAN_v2.07/PostProcessing/WESTERNPACIFIC/TOOCAN-WESTERNPACIFIC-20131101-20131130.dat
/cnrm/tropics/commun/DATASAT/NO_SAVE/TRACKING_LMD/TOOCAN_v2.07/PostProcessing/WESTERNPACIFIC/TOOCAN-WESTERNPACIFIC-20131201-20131231.dat
/cnrm/tropics/commun/DATASAT/NO_SAVE/TRACKING_LMD/TOOCAN_v2.07/PostProcessing/WESTERNPACIFIC/TOOCAN-WESTERNPACIFIC-20140101-20140131.dat
/cnrm/tropics/commun/DATASAT/NO_SAVE/TRACKING_LMD/TOOCAN_v2.07/PostProcessing/WESTERNPACIFIC/TOOCAN-WESTERNPACIFIC-20140201-20140228.dat
/cnrm/tropics/commun/DATASAT/NO_SAVE/TRACKING_LMD/TOOCAN_v2.07/PostProcessing/WESTERNPACIFIC/TOOCAN-WESTERNPACIFIC-20140301-20140331.dat
/cnrm/tropics/commun/DATASAT/NO_SAVE/TRACKING_LMD/TOOCAN_v2.07/PostProcessing/WESTERNPACIFIC/TOOCAN-WESTERNPACIFIC-20140401-20140430.dat
/cnrm/tropics/commun/DATASAT/NO_SAVE/TRACKING_LMD/TOOCAN_v2.07/PostProcessing/WESTERNPACIFIC/TOOCAN-WESTERNPACIFIC-20140501-20140531.dat
/cnrm/tropics/commun/DATASAT/NO_SAVE/TRACKING_LMD/TOOCAN_v2.07/PostProcessing/WESTERNPACIFIC/TOOCAN-WESTERNPACIFIC-20140601-20140630.dat
/cnrm/tropics/commun/DATASAT/NO_SAVE/TRACKING_LMD/TOOCAN_v2.07/PostProcessing/WESTERNPACIFIC/TOOCAN-WESTERNPACIFIC-20140701-20140731.dat
/cnrm/tropics/commun/DATASAT/NO_SAVE/TRACKING_LMD/TOOCAN_v2.07/PostProcessing/WESTERNPACIFIC/TOOCAN-WESTERNPACIFIC-20140801-20140831.dat
/cnrm/tropics/commun/DATASAT/NO_SAVE/TRACKING_LMD/TOOCAN_v2.07/PostProcessing/WESTERNPACIFIC/TOOCAN-WESTERNPACIFIC-20140901-20140930.dat
/cnrm/tropics/commun/DATASAT/NO_SAVE/TRACKING_LMD/TOOCAN_v2.07/PostProcessing/WESTERNPACIFIC/TOOCAN-WESTERNPACIFIC-20141001-20141031.dat
/cnrm/tropics/commun/DATASAT/NO_SAVE/TRACKING_LMD/TOOCAN_v2.07/PostProcessing/WESTERNPACIFIC/TOOCAN-WESTERNPACIFIC-20141101-20141130.dat
/cnrm/tropics/commun/DATASAT/NO_SAVE/TRACKING_LMD/TOOCAN_v2.07/PostProcessing/WESTERNPACIFIC/TOOCAN-WESTERNPACIFIC-20141201-20141231.dat
/cnrm/tropics/commun/DATASAT/NO_SAVE/TRACKING_LMD/TOOCAN_v2.07/PostProcessing/WESTERNPACIFIC/TOOCAN-WESTERNPACIFIC-20150101-20150131.dat
/cnrm/tropics/commun/DATASAT/NO_SAVE/TRACKING_LMD/TOOCAN_v2.07/PostProcessing/WESTERNPACIFIC/TOOCAN-WESTERNPACIFIC-20150201-20150228.dat
/cnrm/tropics/commun/DATASAT/NO_SAVE/TRACKING_LMD/TOOCAN_v2.07/PostProcessing/WESTERNPACIFIC/TOOCAN-WESTERNPACIFIC-20150301-20150331.dat
/cnrm/tropics/commun/DATASAT/NO_SAVE/TRACKING_LMD/TOOCAN_v2.07/PostProcessing/WESTERNPACIFIC/TOOCAN-WESTERNPACIFIC-20150401-20150430.dat
/cnrm/tropics/commun/DATASAT/NO_SAVE/TRACKING_LMD/TOOCAN_v2.07/PostProcessing/WESTERNPACIFIC/TOOCAN-WESTERNPACIFIC-20150501-20150531.dat
/cnrm/tropics/commun/DATASAT/NO_SAVE/TRACKING_LMD/TOOCAN_v2.07/PostProcessing/WESTERNPACIFIC/TOOCAN-WESTERNPACIFIC-20150601-20150630.dat
/cnrm/tropics/commun/DATASAT/NO_SAVE/TRACKING_LMD/TOOCAN_v2.07/PostProcessing/WESTERNPACIFIC/TOOCAN-WESTERNPACIFIC-20150701-20150731.dat
/cnrm/tropics/commun/DATASAT/NO_SAVE/TRACKING_LMD/TOOCAN_v2.07/PostProcessing/WESTERNPACIFIC/TOOCAN-WESTERNPACIFIC-20150801-20150831.dat
/cnrm/tropics/commun/DATASAT/NO_SAVE/TRACKING_LMD/TOOCAN_v2.07/PostProcessing/WESTERNPACIFIC/TOOCAN-WESTERNPACIFIC-20150901-20150930.dat
/cnrm/tropics/commun/DATASAT/NO_SAVE/TRACKING_LMD/TOOCAN_v2.07/PostProcessing/WESTERNPACIFIC/TOOCAN-WESTERNPACIFIC-20151001-20151031.dat
/cnrm/tropics/commun/DATASAT/NO_SAVE/TRACKING_LMD/TOOCAN_v2.07/PostProcessing/WESTERNPACIFIC/TOOCAN-WESTERNPACIFIC-20151101-20151130.dat
/cnrm/tropics/commun/DATASAT/NO_SAVE/TRACKING_LMD/TOOCAN_v2.07/PostProcessing/WESTERNPACIFIC/TOOCAN-WESTERNPACIFIC-20151201-20151231.dat
/cnrm/tropics/commun/DATASAT/NO_SAVE/TRACKING_LMD/TOOCAN_v2.07/PostProcessing/WESTERNPACIFIC/TOOCAN-WESTERNPACIFIC-20160101-20160131.dat
/cnrm/tropics/commun/DATASAT/NO_SAVE/TRACKING_LMD/TOOCAN_v2.07/PostProcessing/WESTERNPACIFIC/TOOCAN-WESTERNPACIFIC-20160201-20160229.dat
/cnrm/tropics/commun/DATASAT/NO_SAVE/TRACKING_LMD/TOOCAN_v2.07/PostProcessing/WESTERNPACIFIC/TOOCAN-WESTERNPACIFIC-20160301-20160331.dat
/cnrm/tropics/commun/DATASAT/NO_SAVE/TRACKING_LMD/TOOCAN_v2.07/PostProcessing/WESTERNPACIFIC/TOOCAN-WESTERNPACIFIC-20160401-20160430.dat
/cnrm/tropics/commun/DATASAT/NO_SAVE/TRACKING_LMD/TOOCAN_v2.07/PostProcessing/WESTERNPACIFIC/TOOCAN-WESTERNPACIFIC-20160501-20160531.dat
/cnrm/tropics/commun/DATASAT/NO_SAVE/TRACKING_LMD/TOOCAN_v2.07/PostProcessing/WESTERNPACIFIC/TOOCAN-WESTERNPACIFIC-20160601-20160630.dat
/cnrm/tropics/commun/DATASAT/NO_SAVE/TRACKING_LMD/TOOCAN_v2.07/PostProcessing/WESTERNPACIFIC/TOOCAN-WESTERNPACIFIC-20160701-20160731.dat
/cnrm/tropics/commun/DATASAT/NO_SAVE/TRACKING_LMD/TOOCAN_v2.07/PostProcessing/WESTERNPACIFIC/TOOCAN-WESTERNPACIFIC-20160801-20160831.dat
/cnrm/tropics/commun/DATASAT/NO_SAVE/TRACKING_LMD/TOOCAN_v2.07/PostProcessing/WESTERNPACIFIC/TOOCAN-WESTERNPACIFIC-20160901-20160930.dat
/cnrm/tropics/commun/DATASAT/NO_SAVE/TRACKING_LMD/TOOCAN_v2.07/PostProcessing/WESTERNPACIFIC/TOOCAN-WESTERNPACIFIC-20161001-20161031.dat
/cnrm/tropics/commun/DATASAT/NO_SAVE/TRACKING_LMD/TOOCAN_v2.07/PostProcessing/WESTERNPACIFIC/TOOCAN-WESTERNPACIFIC-20161101-20161130.dat
/cnrm/tropics/commun/DATASAT/NO_SAVE/TRACKING_LMD/TOOCAN_v2.07/PostProcessing/WESTERNPACIFIC/TOOCAN-WESTERNPACIFIC-20161201-20161231.dat
/cnrm/tropics/commun/DATASAT/NO_SAVE/TRACKING_LMD/TOOCAN_v2.07/PostProcessing/WESTERNPACIFIC/TOOCAN-WESTERNPACIFIC-20170101-20170131.dat
/cnrm/tropics/commun/DATASAT/NO_SAVE/TRACKING_LMD/TOOCAN_v2.07/PostProcessing/WESTERNPACIFIC/TOOCAN-WESTERNPACIFIC-20170201-20170228.dat
/cnrm/tropics/commun/DATASAT/NO_SAVE/TRACKING_LMD/TOOCAN_v2.07/PostProcessing/WESTERNPACIFIC/TOOCAN-WESTERNPACIFIC-20170301-20170331.dat
/cnrm/tropics/commun/DATASAT/NO_SAVE/TRACKING_LMD/TOOCAN_v2.07/PostProcessing/WESTERNPACIFIC/TOOCAN-WESTERNPACIFIC-20170401-20170430.dat
/cnrm/tropics/commun/DATASAT/NO_SAVE/TRACKING_LMD/TOOCAN_v2.07/PostProcessing/WESTERNPACIFIC/TOOCAN-WESTERNPACIFIC-20170501-20170531.dat
/cnrm/tropics/commun/DATASAT/NO_SAVE/TRACKING_LMD/TOOCAN_v2.07/PostProcessing/WESTERNPACIFIC/TOOCAN-WESTERNPACIFIC-20170601-20170630.dat
/cnrm/tropics/commun/DATASAT/NO_SAVE/TRACKING_LMD/TOOCAN_v2.07/PostProcessing/WESTERNPACIFIC/TOOCAN-WESTERNPACIFIC-20170701-20170731.dat
/cnrm/tropics/commun/DATASAT/NO_SAVE/TRACKING_LMD/TOOCAN_v2.07/PostProcessing/WESTERNPACIFIC/TOOCAN-WESTERNPACIFIC-20170801-20170831.dat
/cnrm/tropics/commun/DATASAT/NO_SAVE/TRACKING_LMD/TOOCAN_v2.07/PostProcessing/WESTERNPACIFIC/TOOCAN-WESTERNPACIFIC-20170901-20170930.dat
/cnrm/tropics/commun/DATASAT/NO_SAVE/TRACKING_LMD/TOOCAN_v2.07/PostProcessing/WESTERNPACIFIC/TOOCAN-WESTERNPACIFIC-20171001-20171031.dat
/cnrm/tropics/commun/DATASAT/NO_SAVE/TRACKING_LMD/TOOCAN_v2.07/PostProcessing/WESTERNPACIFIC/TOOCAN-WESTERNPACIFIC-20171101-20171130.dat
/cnrm/tropics/commun/DATASAT/NO_SAVE/TRACKING_LMD/TOOCAN_v2.07/PostProcessing/WESTERNPACIFIC/TOOCAN-WESTERNPACIFIC-20171201-20171231.dat
3289518 161309
3289518 294890
Traceback (most recent call last):
  File "/home/TMP/sl_20220727_0944_durandy1481319ncx02/work/distribution_numpy_save_WESTERNPACIFIC.py", line 94, in <module>
    calcul_Proba_wave(ds, ds_T_I_G1, ds_T_E_G1, data_MCSselection_G1, ds_T_I_G2, ds_T_E_G2, data_MCSselection_G2, 'init', name_phase)
TypeError: calcul_Proba_wave() missing 1 required positional argument: 'iregion'
/home/durandy/miniconda3/envs/towel/lib/python3.9/site-packages/distributed/node.py:160: UserWarning: Port 8787 is already in use.
Perhaps you already have a cluster running?
Hosting the HTTP server on port 40311 instead
  warnings.warn(
EASTERNPACIFIC
/cnrm/tropics/commun/DATASAT/NO_SAVE/TRACKING_LMD/TOOCAN_v2.07/PostProcessing/EASTERNPACIFIC/TOOCAN-EASTERNPACIFIC-20120101-20120131.dat
/cnrm/tropics/commun/DATASAT/NO_SAVE/TRACKING_LMD/TOOCAN_v2.07/PostProcessing/EASTERNPACIFIC/TOOCAN-EASTERNPACIFIC-20120201-20120229.dat
/cnrm/tropics/commun/DATASAT/NO_SAVE/TRACKING_LMD/TOOCAN_v2.07/PostProcessing/EASTERNPACIFIC/TOOCAN-EASTERNPACIFIC-20120301-20120331.dat
/cnrm/tropics/commun/DATASAT/NO_SAVE/TRACKING_LMD/TOOCAN_v2.07/PostProcessing/EASTERNPACIFIC/TOOCAN-EASTERNPACIFIC-20120401-20120430.dat
/cnrm/tropics/commun/DATASAT/NO_SAVE/TRACKING_LMD/TOOCAN_v2.07/PostProcessing/EASTERNPACIFIC/TOOCAN-EASTERNPACIFIC-20120501-20120531.dat
/cnrm/tropics/commun/DATASAT/NO_SAVE/TRACKING_LMD/TOOCAN_v2.07/PostProcessing/EASTERNPACIFIC/TOOCAN-EASTERNPACIFIC-20120601-20120630.dat
/cnrm/tropics/commun/DATASAT/NO_SAVE/TRACKING_LMD/TOOCAN_v2.07/PostProcessing/EASTERNPACIFIC/TOOCAN-EASTERNPACIFIC-20120701-20120731.dat
/cnrm/tropics/commun/DATASAT/NO_SAVE/TRACKING_LMD/TOOCAN_v2.07/PostProcessing/EASTERNPACIFIC/TOOCAN-EASTERNPACIFIC-20120801-20120831.dat
/cnrm/tropics/commun/DATASAT/NO_SAVE/TRACKING_LMD/TOOCAN_v2.07/PostProcessing/EASTERNPACIFIC/TOOCAN-EASTERNPACIFIC-20120901-20120930.dat
/cnrm/tropics/commun/DATASAT/NO_SAVE/TRACKING_LMD/TOOCAN_v2.07/PostProcessing/EASTERNPACIFIC/TOOCAN-EASTERNPACIFIC-20121001-20121031.dat
/cnrm/tropics/commun/DATASAT/NO_SAVE/TRACKING_LMD/TOOCAN_v2.07/PostProcessing/EASTERNPACIFIC/TOOCAN-EASTERNPACIFIC-20121101-20121130.dat
/cnrm/tropics/commun/DATASAT/NO_SAVE/TRACKING_LMD/TOOCAN_v2.07/PostProcessing/EASTERNPACIFIC/TOOCAN-EASTERNPACIFIC-20121201-20121231.dat
/cnrm/tropics/commun/DATASAT/NO_SAVE/TRACKING_LMD/TOOCAN_v2.07/PostProcessing/EASTERNPACIFIC/TOOCAN-EASTERNPACIFIC-20130101-20130131.dat
/cnrm/tropics/commun/DATASAT/NO_SAVE/TRACKING_LMD/TOOCAN_v2.07/PostProcessing/EASTERNPACIFIC/TOOCAN-EASTERNPACIFIC-20130201-20130228.dat
/cnrm/tropics/commun/DATASAT/NO_SAVE/TRACKING_LMD/TOOCAN_v2.07/PostProcessing/EASTERNPACIFIC/TOOCAN-EASTERNPACIFIC-20130301-20130331.dat
/cnrm/tropics/commun/DATASAT/NO_SAVE/TRACKING_LMD/TOOCAN_v2.07/PostProcessing/EASTERNPACIFIC/TOOCAN-EASTERNPACIFIC-20130401-20130430.dat
/cnrm/tropics/commun/DATASAT/NO_SAVE/TRACKING_LMD/TOOCAN_v2.07/PostProcessing/EASTERNPACIFIC/TOOCAN-EASTERNPACIFIC-20130501-20130531.dat
/cnrm/tropics/commun/DATASAT/NO_SAVE/TRACKING_LMD/TOOCAN_v2.07/PostProcessing/EASTERNPACIFIC/TOOCAN-EASTERNPACIFIC-20130601-20130630.dat
/cnrm/tropics/commun/DATASAT/NO_SAVE/TRACKING_LMD/TOOCAN_v2.07/PostProcessing/EASTERNPACIFIC/TOOCAN-EASTERNPACIFIC-20130701-20130731.dat
/cnrm/tropics/commun/DATASAT/NO_SAVE/TRACKING_LMD/TOOCAN_v2.07/PostProcessing/EASTERNPACIFIC/TOOCAN-EASTERNPACIFIC-20130801-20130831.dat
/cnrm/tropics/commun/DATASAT/NO_SAVE/TRACKING_LMD/TOOCAN_v2.07/PostProcessing/EASTERNPACIFIC/TOOCAN-EASTERNPACIFIC-20130901-20130930.dat
/cnrm/tropics/commun/DATASAT/NO_SAVE/TRACKING_LMD/TOOCAN_v2.07/PostProcessing/EASTERNPACIFIC/TOOCAN-EASTERNPACIFIC-20131001-20131031.dat
/cnrm/tropics/commun/DATASAT/NO_SAVE/TRACKING_LMD/TOOCAN_v2.07/PostProcessing/EASTERNPACIFIC/TOOCAN-EASTERNPACIFIC-20131101-20131130.dat
/cnrm/tropics/commun/DATASAT/NO_SAVE/TRACKING_LMD/TOOCAN_v2.07/PostProcessing/EASTERNPACIFIC/TOOCAN-EASTERNPACIFIC-20131201-20131231.dat
/cnrm/tropics/commun/DATASAT/NO_SAVE/TRACKING_LMD/TOOCAN_v2.07/PostProcessing/EASTERNPACIFIC/TOOCAN-EASTERNPACIFIC-20140101-20140131.dat
/cnrm/tropics/commun/DATASAT/NO_SAVE/TRACKING_LMD/TOOCAN_v2.07/PostProcessing/EASTERNPACIFIC/TOOCAN-EASTERNPACIFIC-20140201-20140228.dat
/cnrm/tropics/commun/DATASAT/NO_SAVE/TRACKING_LMD/TOOCAN_v2.07/PostProcessing/EASTERNPACIFIC/TOOCAN-EASTERNPACIFIC-20140301-20140331.dat
/cnrm/tropics/commun/DATASAT/NO_SAVE/TRACKING_LMD/TOOCAN_v2.07/PostProcessing/EASTERNPACIFIC/TOOCAN-EASTERNPACIFIC-20140401-20140430.dat
/cnrm/tropics/commun/DATASAT/NO_SAVE/TRACKING_LMD/TOOCAN_v2.07/PostProcessing/EASTERNPACIFIC/TOOCAN-EASTERNPACIFIC-20140501-20140531.dat
/cnrm/tropics/commun/DATASAT/NO_SAVE/TRACKING_LMD/TOOCAN_v2.07/PostProcessing/EASTERNPACIFIC/TOOCAN-EASTERNPACIFIC-20140601-20140630.dat
/cnrm/tropics/commun/DATASAT/NO_SAVE/TRACKING_LMD/TOOCAN_v2.07/PostProcessing/EASTERNPACIFIC/TOOCAN-EASTERNPACIFIC-20140701-20140731.dat
/cnrm/tropics/commun/DATASAT/NO_SAVE/TRACKING_LMD/TOOCAN_v2.07/PostProcessing/EASTERNPACIFIC/TOOCAN-EASTERNPACIFIC-20140801-20140831.dat
/cnrm/tropics/commun/DATASAT/NO_SAVE/TRACKING_LMD/TOOCAN_v2.07/PostProcessing/EASTERNPACIFIC/TOOCAN-EASTERNPACIFIC-20140901-20140930.dat
/cnrm/tropics/commun/DATASAT/NO_SAVE/TRACKING_LMD/TOOCAN_v2.07/PostProcessing/EASTERNPACIFIC/TOOCAN-EASTERNPACIFIC-20141001-20141031.dat
/cnrm/tropics/commun/DATASAT/NO_SAVE/TRACKING_LMD/TOOCAN_v2.07/PostProcessing/EASTERNPACIFIC/TOOCAN-EASTERNPACIFIC-20141101-20141130.dat
/cnrm/tropics/commun/DATASAT/NO_SAVE/TRACKING_LMD/TOOCAN_v2.07/PostProcessing/EASTERNPACIFIC/TOOCAN-EASTERNPACIFIC-20141201-20141231.dat
/cnrm/tropics/commun/DATASAT/NO_SAVE/TRACKING_LMD/TOOCAN_v2.07/PostProcessing/EASTERNPACIFIC/TOOCAN-EASTERNPACIFIC-20150101-20150131.dat
/cnrm/tropics/commun/DATASAT/NO_SAVE/TRACKING_LMD/TOOCAN_v2.07/PostProcessing/EASTERNPACIFIC/TOOCAN-EASTERNPACIFIC-20150201-20150228.dat
/cnrm/tropics/commun/DATASAT/NO_SAVE/TRACKING_LMD/TOOCAN_v2.07/PostProcessing/EASTERNPACIFIC/TOOCAN-EASTERNPACIFIC-20150301-20150331.dat
/cnrm/tropics/commun/DATASAT/NO_SAVE/TRACKING_LMD/TOOCAN_v2.07/PostProcessing/EASTERNPACIFIC/TOOCAN-EASTERNPACIFIC-20150401-20150430.dat
/cnrm/tropics/commun/DATASAT/NO_SAVE/TRACKING_LMD/TOOCAN_v2.07/PostProcessing/EASTERNPACIFIC/TOOCAN-EASTERNPACIFIC-20150501-20150531.dat
/cnrm/tropics/commun/DATASAT/NO_SAVE/TRACKING_LMD/TOOCAN_v2.07/PostProcessing/EASTERNPACIFIC/TOOCAN-EASTERNPACIFIC-20150601-20150630.dat
/cnrm/tropics/commun/DATASAT/NO_SAVE/TRACKING_LMD/TOOCAN_v2.07/PostProcessing/EASTERNPACIFIC/TOOCAN-EASTERNPACIFIC-20150701-20150731.dat
/cnrm/tropics/commun/DATASAT/NO_SAVE/TRACKING_LMD/TOOCAN_v2.07/PostProcessing/EASTERNPACIFIC/TOOCAN-EASTERNPACIFIC-20150801-20150831.dat
/cnrm/tropics/commun/DATASAT/NO_SAVE/TRACKING_LMD/TOOCAN_v2.07/PostProcessing/EASTERNPACIFIC/TOOCAN-EASTERNPACIFIC-20150901-20150930.dat
/cnrm/tropics/commun/DATASAT/NO_SAVE/TRACKING_LMD/TOOCAN_v2.07/PostProcessing/EASTERNPACIFIC/TOOCAN-EASTERNPACIFIC-20151001-20151031.dat
/cnrm/tropics/commun/DATASAT/NO_SAVE/TRACKING_LMD/TOOCAN_v2.07/PostProcessing/EASTERNPACIFIC/TOOCAN-EASTERNPACIFIC-20151101-20151130.dat
/cnrm/tropics/commun/DATASAT/NO_SAVE/TRACKING_LMD/TOOCAN_v2.07/PostProcessing/EASTERNPACIFIC/TOOCAN-EASTERNPACIFIC-20151201-20151231.dat
/cnrm/tropics/commun/DATASAT/NO_SAVE/TRACKING_LMD/TOOCAN_v2.07/PostProcessing/EASTERNPACIFIC/TOOCAN-EASTERNPACIFIC-20160101-20160131.dat
/cnrm/tropics/commun/DATASAT/NO_SAVE/TRACKING_LMD/TOOCAN_v2.07/PostProcessing/EASTERNPACIFIC/TOOCAN-EASTERNPACIFIC-20160201-20160229.dat
/cnrm/tropics/commun/DATASAT/NO_SAVE/TRACKING_LMD/TOOCAN_v2.07/PostProcessing/EASTERNPACIFIC/TOOCAN-EASTERNPACIFIC-20160301-20160331.dat
/cnrm/tropics/commun/DATASAT/NO_SAVE/TRACKING_LMD/TOOCAN_v2.07/PostProcessing/EASTERNPACIFIC/TOOCAN-EASTERNPACIFIC-20160401-20160430.dat
/cnrm/tropics/commun/DATASAT/NO_SAVE/TRACKING_LMD/TOOCAN_v2.07/PostProcessing/EASTERNPACIFIC/TOOCAN-EASTERNPACIFIC-20160501-20160531.dat
/cnrm/tropics/commun/DATASAT/NO_SAVE/TRACKING_LMD/TOOCAN_v2.07/PostProcessing/EASTERNPACIFIC/TOOCAN-EASTERNPACIFIC-20160601-20160630.dat
/cnrm/tropics/commun/DATASAT/NO_SAVE/TRACKING_LMD/TOOCAN_v2.07/PostProcessing/EASTERNPACIFIC/TOOCAN-EASTERNPACIFIC-20160701-20160731.dat
/cnrm/tropics/commun/DATASAT/NO_SAVE/TRACKING_LMD/TOOCAN_v2.07/PostProcessing/EASTERNPACIFIC/TOOCAN-EASTERNPACIFIC-20160801-20160831.dat
/cnrm/tropics/commun/DATASAT/NO_SAVE/TRACKING_LMD/TOOCAN_v2.07/PostProcessing/EASTERNPACIFIC/TOOCAN-EASTERNPACIFIC-20160901-20160930.dat
/cnrm/tropics/commun/DATASAT/NO_SAVE/TRACKING_LMD/TOOCAN_v2.07/PostProcessing/EASTERNPACIFIC/TOOCAN-EASTERNPACIFIC-20161001-20161031.dat
/cnrm/tropics/commun/DATASAT/NO_SAVE/TRACKING_LMD/TOOCAN_v2.07/PostProcessing/EASTERNPACIFIC/TOOCAN-EASTERNPACIFIC-20161101-20161130.dat
/cnrm/tropics/commun/DATASAT/NO_SAVE/TRACKING_LMD/TOOCAN_v2.07/PostProcessing/EASTERNPACIFIC/TOOCAN-EASTERNPACIFIC-20161201-20161231.dat
/cnrm/tropics/commun/DATASAT/NO_SAVE/TRACKING_LMD/TOOCAN_v2.07/PostProcessing/EASTERNPACIFIC/TOOCAN-EASTERNPACIFIC-20170101-20170131.dat
/cnrm/tropics/commun/DATASAT/NO_SAVE/TRACKING_LMD/TOOCAN_v2.07/PostProcessing/EASTERNPACIFIC/TOOCAN-EASTERNPACIFIC-20170201-20170228.dat
/cnrm/tropics/commun/DATASAT/NO_SAVE/TRACKING_LMD/TOOCAN_v2.07/PostProcessing/EASTERNPACIFIC/TOOCAN-EASTERNPACIFIC-20170301-20170331.dat
/cnrm/tropics/commun/DATASAT/NO_SAVE/TRACKING_LMD/TOOCAN_v2.07/PostProcessing/EASTERNPACIFIC/TOOCAN-EASTERNPACIFIC-20170401-20170430.dat
/cnrm/tropics/commun/DATASAT/NO_SAVE/TRACKING_LMD/TOOCAN_v2.07/PostProcessing/EASTERNPACIFIC/TOOCAN-EASTERNPACIFIC-20170501-20170531.dat
/cnrm/tropics/commun/DATASAT/NO_SAVE/TRACKING_LMD/TOOCAN_v2.07/PostProcessing/EASTERNPACIFIC/TOOCAN-EASTERNPACIFIC-20170601-20170630.dat
/cnrm/tropics/commun/DATASAT/NO_SAVE/TRACKING_LMD/TOOCAN_v2.07/PostProcessing/EASTERNPACIFIC/TOOCAN-EASTERNPACIFIC-20170701-20170731.dat
/cnrm/tropics/commun/DATASAT/NO_SAVE/TRACKING_LMD/TOOCAN_v2.07/PostProcessing/EASTERNPACIFIC/TOOCAN-EASTERNPACIFIC-20170801-20170831.dat
/cnrm/tropics/commun/DATASAT/NO_SAVE/TRACKING_LMD/TOOCAN_v2.07/PostProcessing/EASTERNPACIFIC/TOOCAN-EASTERNPACIFIC-20170901-20170930.dat
/cnrm/tropics/commun/DATASAT/NO_SAVE/TRACKING_LMD/TOOCAN_v2.07/PostProcessing/EASTERNPACIFIC/TOOCAN-EASTERNPACIFIC-20171001-20171031.dat
/cnrm/tropics/commun/DATASAT/NO_SAVE/TRACKING_LMD/TOOCAN_v2.07/PostProcessing/EASTERNPACIFIC/TOOCAN-EASTERNPACIFIC-20171101-20171130.dat
/cnrm/tropics/commun/DATASAT/NO_SAVE/TRACKING_LMD/TOOCAN_v2.07/PostProcessing/EASTERNPACIFIC/TOOCAN-EASTERNPACIFIC-20171201-20171231.dat
1286655 92472
1286655 216256
Traceback (most recent call last):
  File "/home/TMP/sl_20220727_0944_durandy1481319ncx02/work/distribution_numpy_save_EASTERNPACIFIC.py", line 89, in <module>
    calcul_Proba_wave(ds, ds_T_I_G1, ds_T_E_G1, data_MCSselection_G1, ds_T_I_G2, ds_T_E_G2, data_MCSselection_G2, 'init', name_phase)
TypeError: calcul_Proba_wave() missing 1 required positional argument: 'iregion'
WESTERNPACIFIC
/cnrm/tropics/commun/DATASAT/NO_SAVE/TRACKING_LMD/TOOCAN_v2.07/PostProcessing/WESTERNPACIFIC/TOOCAN-WESTERNPACIFIC-20120101-20120131.dat
/cnrm/tropics/commun/DATASAT/NO_SAVE/TRACKING_LMD/TOOCAN_v2.07/PostProcessing/WESTERNPACIFIC/TOOCAN-WESTERNPACIFIC-20120201-20120229.dat
/cnrm/tropics/commun/DATASAT/NO_SAVE/TRACKING_LMD/TOOCAN_v2.07/PostProcessing/WESTERNPACIFIC/TOOCAN-WESTERNPACIFIC-20120301-20120331.dat
/cnrm/tropics/commun/DATASAT/NO_SAVE/TRACKING_LMD/TOOCAN_v2.07/PostProcessing/WESTERNPACIFIC/TOOCAN-WESTERNPACIFIC-20120401-20120430.dat
/cnrm/tropics/commun/DATASAT/NO_SAVE/TRACKING_LMD/TOOCAN_v2.07/PostProcessing/WESTERNPACIFIC/TOOCAN-WESTERNPACIFIC-20120501-20120531.dat
/cnrm/tropics/commun/DATASAT/NO_SAVE/TRACKING_LMD/TOOCAN_v2.07/PostProcessing/WESTERNPACIFIC/TOOCAN-WESTERNPACIFIC-20120601-20120630.dat
/cnrm/tropics/commun/DATASAT/NO_SAVE/TRACKING_LMD/TOOCAN_v2.07/PostProcessing/WESTERNPACIFIC/TOOCAN-WESTERNPACIFIC-20120701-20120731.dat
/cnrm/tropics/commun/DATASAT/NO_SAVE/TRACKING_LMD/TOOCAN_v2.07/PostProcessing/WESTERNPACIFIC/TOOCAN-WESTERNPACIFIC-20120801-20120831.dat
/cnrm/tropics/commun/DATASAT/NO_SAVE/TRACKING_LMD/TOOCAN_v2.07/PostProcessing/WESTERNPACIFIC/TOOCAN-WESTERNPACIFIC-20120901-20120930.dat
/cnrm/tropics/commun/DATASAT/NO_SAVE/TRACKING_LMD/TOOCAN_v2.07/PostProcessing/WESTERNPACIFIC/TOOCAN-WESTERNPACIFIC-20121001-20121031.dat
/cnrm/tropics/commun/DATASAT/NO_SAVE/TRACKING_LMD/TOOCAN_v2.07/PostProcessing/WESTERNPACIFIC/TOOCAN-WESTERNPACIFIC-20121101-20121130.dat
/cnrm/tropics/commun/DATASAT/NO_SAVE/TRACKING_LMD/TOOCAN_v2.07/PostProcessing/WESTERNPACIFIC/TOOCAN-WESTERNPACIFIC-20121201-20121231.dat
/cnrm/tropics/commun/DATASAT/NO_SAVE/TRACKING_LMD/TOOCAN_v2.07/PostProcessing/WESTERNPACIFIC/TOOCAN-WESTERNPACIFIC-20130101-20130131.dat
/cnrm/tropics/commun/DATASAT/NO_SAVE/TRACKING_LMD/TOOCAN_v2.07/PostProcessing/WESTERNPACIFIC/TOOCAN-WESTERNPACIFIC-20130201-20130228.dat
/cnrm/tropics/commun/DATASAT/NO_SAVE/TRACKING_LMD/TOOCAN_v2.07/PostProcessing/WESTERNPACIFIC/TOOCAN-WESTERNPACIFIC-20130301-20130331.dat
/cnrm/tropics/commun/DATASAT/NO_SAVE/TRACKING_LMD/TOOCAN_v2.07/PostProcessing/WESTERNPACIFIC/TOOCAN-WESTERNPACIFIC-20130401-20130430.dat
/cnrm/tropics/commun/DATASAT/NO_SAVE/TRACKING_LMD/TOOCAN_v2.07/PostProcessing/WESTERNPACIFIC/TOOCAN-WESTERNPACIFIC-20130501-20130531.dat
/cnrm/tropics/commun/DATASAT/NO_SAVE/TRACKING_LMD/TOOCAN_v2.07/PostProcessing/WESTERNPACIFIC/TOOCAN-WESTERNPACIFIC-20130601-20130630.dat
/cnrm/tropics/commun/DATASAT/NO_SAVE/TRACKING_LMD/TOOCAN_v2.07/PostProcessing/WESTERNPACIFIC/TOOCAN-WESTERNPACIFIC-20130701-20130731.dat
/cnrm/tropics/commun/DATASAT/NO_SAVE/TRACKING_LMD/TOOCAN_v2.07/PostProcessing/WESTERNPACIFIC/TOOCAN-WESTERNPACIFIC-20130801-20130831.dat
/cnrm/tropics/commun/DATASAT/NO_SAVE/TRACKING_LMD/TOOCAN_v2.07/PostProcessing/WESTERNPACIFIC/TOOCAN-WESTERNPACIFIC-20130901-20130930.dat
/cnrm/tropics/commun/DATASAT/NO_SAVE/TRACKING_LMD/TOOCAN_v2.07/PostProcessing/WESTERNPACIFIC/TOOCAN-WESTERNPACIFIC-20131001-20131031.dat
/cnrm/tropics/commun/DATASAT/NO_SAVE/TRACKING_LMD/TOOCAN_v2.07/PostProcessing/WESTERNPACIFIC/TOOCAN-WESTERNPACIFIC-20131101-20131130.dat
/cnrm/tropics/commun/DATASAT/NO_SAVE/TRACKING_LMD/TOOCAN_v2.07/PostProcessing/WESTERNPACIFIC/TOOCAN-WESTERNPACIFIC-20131201-20131231.dat
/cnrm/tropics/commun/DATASAT/NO_SAVE/TRACKING_LMD/TOOCAN_v2.07/PostProcessing/WESTERNPACIFIC/TOOCAN-WESTERNPACIFIC-20140101-20140131.dat
/cnrm/tropics/commun/DATASAT/NO_SAVE/TRACKING_LMD/TOOCAN_v2.07/PostProcessing/WESTERNPACIFIC/TOOCAN-WESTERNPACIFIC-20140201-20140228.dat
/cnrm/tropics/commun/DATASAT/NO_SAVE/TRACKING_LMD/TOOCAN_v2.07/PostProcessing/WESTERNPACIFIC/TOOCAN-WESTERNPACIFIC-20140301-20140331.dat
/cnrm/tropics/commun/DATASAT/NO_SAVE/TRACKING_LMD/TOOCAN_v2.07/PostProcessing/WESTERNPACIFIC/TOOCAN-WESTERNPACIFIC-20140401-20140430.dat
/cnrm/tropics/commun/DATASAT/NO_SAVE/TRACKING_LMD/TOOCAN_v2.07/PostProcessing/WESTERNPACIFIC/TOOCAN-WESTERNPACIFIC-20140501-20140531.dat
/cnrm/tropics/commun/DATASAT/NO_SAVE/TRACKING_LMD/TOOCAN_v2.07/PostProcessing/WESTERNPACIFIC/TOOCAN-WESTERNPACIFIC-20140601-20140630.dat
/cnrm/tropics/commun/DATASAT/NO_SAVE/TRACKING_LMD/TOOCAN_v2.07/PostProcessing/WESTERNPACIFIC/TOOCAN-WESTERNPACIFIC-20140701-20140731.dat
/cnrm/tropics/commun/DATASAT/NO_SAVE/TRACKING_LMD/TOOCAN_v2.07/PostProcessing/WESTERNPACIFIC/TOOCAN-WESTERNPACIFIC-20140801-20140831.dat
/cnrm/tropics/commun/DATASAT/NO_SAVE/TRACKING_LMD/TOOCAN_v2.07/PostProcessing/WESTERNPACIFIC/TOOCAN-WESTERNPACIFIC-20140901-20140930.dat
/cnrm/tropics/commun/DATASAT/NO_SAVE/TRACKING_LMD/TOOCAN_v2.07/PostProcessing/WESTERNPACIFIC/TOOCAN-WESTERNPACIFIC-20141001-20141031.dat
/cnrm/tropics/commun/DATASAT/NO_SAVE/TRACKING_LMD/TOOCAN_v2.07/PostProcessing/WESTERNPACIFIC/TOOCAN-WESTERNPACIFIC-20141101-20141130.dat
/cnrm/tropics/commun/DATASAT/NO_SAVE/TRACKING_LMD/TOOCAN_v2.07/PostProcessing/WESTERNPACIFIC/TOOCAN-WESTERNPACIFIC-20141201-20141231.dat
/cnrm/tropics/commun/DATASAT/NO_SAVE/TRACKING_LMD/TOOCAN_v2.07/PostProcessing/WESTERNPACIFIC/TOOCAN-WESTERNPACIFIC-20150101-20150131.dat
/cnrm/tropics/commun/DATASAT/NO_SAVE/TRACKING_LMD/TOOCAN_v2.07/PostProcessing/WESTERNPACIFIC/TOOCAN-WESTERNPACIFIC-20150201-20150228.dat
/cnrm/tropics/commun/DATASAT/NO_SAVE/TRACKING_LMD/TOOCAN_v2.07/PostProcessing/WESTERNPACIFIC/TOOCAN-WESTERNPACIFIC-20150301-20150331.dat
/cnrm/tropics/commun/DATASAT/NO_SAVE/TRACKING_LMD/TOOCAN_v2.07/PostProcessing/WESTERNPACIFIC/TOOCAN-WESTERNPACIFIC-20150401-20150430.dat
/cnrm/tropics/commun/DATASAT/NO_SAVE/TRACKING_LMD/TOOCAN_v2.07/PostProcessing/WESTERNPACIFIC/TOOCAN-WESTERNPACIFIC-20150501-20150531.dat
/cnrm/tropics/commun/DATASAT/NO_SAVE/TRACKING_LMD/TOOCAN_v2.07/PostProcessing/WESTERNPACIFIC/TOOCAN-WESTERNPACIFIC-20150601-20150630.dat
/cnrm/tropics/commun/DATASAT/NO_SAVE/TRACKING_LMD/TOOCAN_v2.07/PostProcessing/WESTERNPACIFIC/TOOCAN-WESTERNPACIFIC-20150701-20150731.dat
/cnrm/tropics/commun/DATASAT/NO_SAVE/TRACKING_LMD/TOOCAN_v2.07/PostProcessing/WESTERNPACIFIC/TOOCAN-WESTERNPACIFIC-20150801-20150831.dat
/cnrm/tropics/commun/DATASAT/NO_SAVE/TRACKING_LMD/TOOCAN_v2.07/PostProcessing/WESTERNPACIFIC/TOOCAN-WESTERNPACIFIC-20150901-20150930.dat
/cnrm/tropics/commun/DATASAT/NO_SAVE/TRACKING_LMD/TOOCAN_v2.07/PostProcessing/WESTERNPACIFIC/TOOCAN-WESTERNPACIFIC-20151001-20151031.dat
/cnrm/tropics/commun/DATASAT/NO_SAVE/TRACKING_LMD/TOOCAN_v2.07/PostProcessing/WESTERNPACIFIC/TOOCAN-WESTERNPACIFIC-20151101-20151130.dat
/cnrm/tropics/commun/DATASAT/NO_SAVE/TRACKING_LMD/TOOCAN_v2.07/PostProcessing/WESTERNPACIFIC/TOOCAN-WESTERNPACIFIC-20151201-20151231.dat
/cnrm/tropics/commun/DATASAT/NO_SAVE/TRACKING_LMD/TOOCAN_v2.07/PostProcessing/WESTERNPACIFIC/TOOCAN-WESTERNPACIFIC-20160101-20160131.dat
/cnrm/tropics/commun/DATASAT/NO_SAVE/TRACKING_LMD/TOOCAN_v2.07/PostProcessing/WESTERNPACIFIC/TOOCAN-WESTERNPACIFIC-20160201-20160229.dat
/cnrm/tropics/commun/DATASAT/NO_SAVE/TRACKING_LMD/TOOCAN_v2.07/PostProcessing/WESTERNPACIFIC/TOOCAN-WESTERNPACIFIC-20160301-20160331.dat
/cnrm/tropics/commun/DATASAT/NO_SAVE/TRACKING_LMD/TOOCAN_v2.07/PostProcessing/WESTERNPACIFIC/TOOCAN-WESTERNPACIFIC-20160401-20160430.dat
/cnrm/tropics/commun/DATASAT/NO_SAVE/TRACKING_LMD/TOOCAN_v2.07/PostProcessing/WESTERNPACIFIC/TOOCAN-WESTERNPACIFIC-20160501-20160531.dat
/cnrm/tropics/commun/DATASAT/NO_SAVE/TRACKING_LMD/TOOCAN_v2.07/PostProcessing/WESTERNPACIFIC/TOOCAN-WESTERNPACIFIC-20160601-20160630.dat
/cnrm/tropics/commun/DATASAT/NO_SAVE/TRACKING_LMD/TOOCAN_v2.07/PostProcessing/WESTERNPACIFIC/TOOCAN-WESTERNPACIFIC-20160701-20160731.dat
/cnrm/tropics/commun/DATASAT/NO_SAVE/TRACKING_LMD/TOOCAN_v2.07/PostProcessing/WESTERNPACIFIC/TOOCAN-WESTERNPACIFIC-20160801-20160831.dat
/cnrm/tropics/commun/DATASAT/NO_SAVE/TRACKING_LMD/TOOCAN_v2.07/PostProcessing/WESTERNPACIFIC/TOOCAN-WESTERNPACIFIC-20160901-20160930.dat
/cnrm/tropics/commun/DATASAT/NO_SAVE/TRACKING_LMD/TOOCAN_v2.07/PostProcessing/WESTERNPACIFIC/TOOCAN-WESTERNPACIFIC-20161001-20161031.dat
/cnrm/tropics/commun/DATASAT/NO_SAVE/TRACKING_LMD/TOOCAN_v2.07/PostProcessing/WESTERNPACIFIC/TOOCAN-WESTERNPACIFIC-20161101-20161130.dat
/cnrm/tropics/commun/DATASAT/NO_SAVE/TRACKING_LMD/TOOCAN_v2.07/PostProcessing/WESTERNPACIFIC/TOOCAN-WESTERNPACIFIC-20161201-20161231.dat
/cnrm/tropics/commun/DATASAT/NO_SAVE/TRACKING_LMD/TOOCAN_v2.07/PostProcessing/WESTERNPACIFIC/TOOCAN-WESTERNPACIFIC-20170101-20170131.dat
/cnrm/tropics/commun/DATASAT/NO_SAVE/TRACKING_LMD/TOOCAN_v2.07/PostProcessing/WESTERNPACIFIC/TOOCAN-WESTERNPACIFIC-20170201-20170228.dat
/cnrm/tropics/commun/DATASAT/NO_SAVE/TRACKING_LMD/TOOCAN_v2.07/PostProcessing/WESTERNPACIFIC/TOOCAN-WESTERNPACIFIC-20170301-20170331.dat
/cnrm/tropics/commun/DATASAT/NO_SAVE/TRACKING_LMD/TOOCAN_v2.07/PostProcessing/WESTERNPACIFIC/TOOCAN-WESTERNPACIFIC-20170401-20170430.dat
/cnrm/tropics/commun/DATASAT/NO_SAVE/TRACKING_LMD/TOOCAN_v2.07/PostProcessing/WESTERNPACIFIC/TOOCAN-WESTERNPACIFIC-20170501-20170531.dat
/cnrm/tropics/commun/DATASAT/NO_SAVE/TRACKING_LMD/TOOCAN_v2.07/PostProcessing/WESTERNPACIFIC/TOOCAN-WESTERNPACIFIC-20170601-20170630.dat
/cnrm/tropics/commun/DATASAT/NO_SAVE/TRACKING_LMD/TOOCAN_v2.07/PostProcessing/WESTERNPACIFIC/TOOCAN-WESTERNPACIFIC-20170701-20170731.dat
/cnrm/tropics/commun/DATASAT/NO_SAVE/TRACKING_LMD/TOOCAN_v2.07/PostProcessing/WESTERNPACIFIC/TOOCAN-WESTERNPACIFIC-20170801-20170831.dat
/cnrm/tropics/commun/DATASAT/NO_SAVE/TRACKING_LMD/TOOCAN_v2.07/PostProcessing/WESTERNPACIFIC/TOOCAN-WESTERNPACIFIC-20170901-20170930.dat
/cnrm/tropics/commun/DATASAT/NO_SAVE/TRACKING_LMD/TOOCAN_v2.07/PostProcessing/WESTERNPACIFIC/TOOCAN-WESTERNPACIFIC-20171001-20171031.dat
/cnrm/tropics/commun/DATASAT/NO_SAVE/TRACKING_LMD/TOOCAN_v2.07/PostProcessing/WESTERNPACIFIC/TOOCAN-WESTERNPACIFIC-20171101-20171130.dat
/cnrm/tropics/commun/DATASAT/NO_SAVE/TRACKING_LMD/TOOCAN_v2.07/PostProcessing/WESTERNPACIFIC/TOOCAN-WESTERNPACIFIC-20171201-20171231.dat
3289518 142349
3289518 291499
Traceback (most recent call last):
  File "/home/TMP/sl_20220727_0944_durandy1481319ncx02/work/distribution_numpy_save_WESTERNPACIFIC.py", line 94, in <module>
    calcul_Proba_wave(ds, ds_T_I_G1, ds_T_E_G1, data_MCSselection_G1, ds_T_I_G2, ds_T_E_G2, data_MCSselection_G2, 'init', name_phase)
TypeError: calcul_Proba_wave() missing 1 required positional argument: 'iregion'
